#
# A fatal error has been detected by the Java Runtime Environment:
#
#  EXCEPTION_ACCESS_VIOLATION (0xc0000005) at pc=0x00007ffe354b097c, pid=12644, tid=3220
#
# JRE version: OpenJDK Runtime Environment AdoptOpenJDK-11.0.11+9 (11.0.11+9) (build 11.0.11+9)
# Java VM: OpenJDK 64-Bit Server VM AdoptOpenJDK-11.0.11+9 (11.0.11+9, mixed mode, tiered, compressed oops, g1 gc, windows-amd64)
# Problematic frame:
# V  [jvm.dll+0x5b097c]
#
# No core dump will be written. Minidumps are not enabled by default on client versions of Windows
#
# If you would like to submit a bug report, please visit:
#   https://github.com/AdoptOpenJDK/openjdk-support/issues
#

---------------  S U M M A R Y ------------

Command Line: -XX:MaxMetaspaceSize=256m -XX:+HeapDumpOnOutOfMemoryError --add-opens=java.base/java.util=ALL-UNNAMED --add-opens=java.base/java.lang=ALL-UNNAMED --add-opens=java.base/java.lang.invoke=ALL-UNNAMED --add-opens=java.base/java.util=ALL-UNNAMED --add-opens=java.prefs/java.util.prefs=ALL-UNNAMED --add-opens=java.prefs/java.util.prefs=ALL-UNNAMED --add-opens=java.base/java.nio.charset=ALL-UNNAMED --add-opens=java.base/java.net=ALL-UNNAMED --add-opens=java.base/java.util.concurrent.atomic=ALL-UNNAMED -Xms256m -Xmx512m -Dfile.encoding=windows-1252 -Duser.country=CO -Duser.language=es -Duser.variant org.gradle.launcher.daemon.bootstrap.GradleDaemon 7.0.2

Host: Intel(R) Core(TM) i7-7500U CPU @ 2.70GHz, 4 cores, 23G,  Windows 10 , 64 bit Build 19041 (10.0.19041.1023)
Time: Fri Jun 25 18:08:29 2021 Hora est. Pacífico, Sudamérica elapsed time: 28643.674176 seconds (0d 7h 57m 23s)

---------------  T H R E A D  ---------------

Current thread (0x0000027059bb5000):  GCTaskThread "GC Thread#0" [stack: 0x000000aa14000000,0x000000aa14100000] [id=3220]

Stack: [0x000000aa14000000,0x000000aa14100000],  sp=0x000000aa140ff9f0,  free space=1022k
Native frames: (J=compiled Java code, j=interpreted, Vv=VM code, C=native code)
V  [jvm.dll+0x5b097c]
V  [jvm.dll+0x355055]
V  [jvm.dll+0x2ddbe3]
V  [jvm.dll+0x7acde0]
V  [jvm.dll+0x73d364]
V  [jvm.dll+0x5f6cd6]
C  [ucrtbase.dll+0x21bb2]
C  [KERNEL32.DLL+0x17034]
C  [ntdll.dll+0x52651]


siginfo: EXCEPTION_ACCESS_VIOLATION (0xc0000005), reading address 0x0000002000000130


Register to memory mapping:

RIP=0x00007ffe354b097c jvm.dll
RAX=0x0000027059bb3c90 points into unknown readable memory: 0x0000000000000000 | 00 00 00 00 00 00 00 00
RBX=0x0000000000000014 is an unknown value
RCX=0x0000000000000008 is an unknown value
RDX=0x0 is NULL
RSP=0x000000aa140ff9f0 points into unknown readable memory: 0x0000027002cb2a00 | 00 2a cb 02 70 02 00 00
RBP=0x0000027059bab010 points into unknown readable memory: 0x00007ffe35762af0 | f0 2a 76 35 fe 7f 00 00
RSI=0x0000002000000000 is an unknown value
RDI=0x00000000000000a0 is an unknown value
R8 =0x0000000000000002 is an unknown value
R9 =0x0 is NULL
R10=0x0 is NULL
R11=0x000002707e2fc800 is pointing into metadata
R12=0x0 is NULL
R13=0x0 is NULL
R14=0x0 is NULL
R15=0x00000000000003d8 is an unknown value


Registers:
RAX=0x0000027059bb3c90, RBX=0x0000000000000014, RCX=0x0000000000000008, RDX=0x0000000000000000
RSP=0x000000aa140ff9f0, RBP=0x0000027059bab010, RSI=0x0000002000000000, RDI=0x00000000000000a0
R8 =0x0000000000000002, R9 =0x0000000000000000, R10=0x0000000000000000, R11=0x000002707e2fc800
R12=0x0000000000000000, R13=0x0000000000000000, R14=0x0000000000000000, R15=0x00000000000003d8
RIP=0x00007ffe354b097c, EFLAGS=0x0000000000010206

Top of Stack: (sp=0x000000aa140ff9f0)
0x000000aa140ff9f0:   0000027002cb2a00 0000027002cb2830
0x000000aa140ffa00:   00000000000003d8 0000027059bab3e8
0x000000aa140ffa10:   00007ffe357c4908 00007ffe35257700
0x000000aa140ffa20:   00000000000003d8 0000000000000000
0x000000aa140ffa30:   0000000000000000 00000000000000a0
0x000000aa140ffa40:   0000027059bab010 00007ffe35255055
0x000000aa140ffa50:   00000000000003d8 0000000000000014
0x000000aa140ffa60:   0000000100499728 0000027059bab3e8
0x000000aa140ffa70:   0000027059bab000 00007ffe351ddbe3
0x000000aa140ffa80:   000000aa145fea10 0000027059bb64d0
0x000000aa140ffa90:   000000aa145fea10 0000027069d83810
0x000000aa140ffaa0:   00000000000075a3 0000000000000000
0x000000aa140ffab0:   0000027059bb5000 00007ffe356acde0
0x000000aa140ffac0:   000000aa140ffdf0 0000027059bb5000
0x000000aa140ffad0:   0000000000000000 00000000000075a3
0x000000aa140ffae0:   000000aa145fe940 00007ffe00000003 

Instructions: (pc=0x00007ffe354b097c)
0x00007ffe354b087c:   3b d0 72 f0 eb 2e 85 ed 74 2a 48 8b cb e8 d2 1d
0x00007ffe354b088c:   00 00 48 8b cb 48 3b d8 73 1a 48 f7 de 0f 1f 80
0x00007ffe354b089c:   00 00 00 00 48 8b 11 48 89 14 f1 48 83 c1 08 48
0x00007ffe354b08ac:   3b c8 72 f0 0f b6 03 3c 01 76 2c 3c 0d 75 07 b8
0x00007ffe354b08bc:   10 00 00 00 eb 26 44 0f b6 c8 4c 8d 05 c3 3c 31
0x00007ffe354b08cc:   00 ba 2d 05 00 00 48 8d 0d cf 3c 31 00 e8 42 68
0x00007ffe354b08dc:   c9 ff e8 0d f8 03 00 b8 08 00 00 00 48 03 d8 49
0x00007ffe354b08ec:   3b de 0f 82 9c fe ff ff eb 27 85 ed 74 23 48 8d
0x00007ffe354b08fc:   0c f5 00 00 00 00 48 8b fb 48 2b f9 48 c1 e9 03
0x00007ffe354b090c:   48 3b fb 49 0f 47 cc 48 85 c9 74 05 33 c0 f3 48
0x00007ffe354b091c:   ab 48 8b 7c 24 60 48 8b 74 24 58 4c 8b 6c 24 68
0x00007ffe354b092c:   48 83 c4 20 41 5f 41 5e 41 5c 5d 5b c3 cc cc cc
0x00007ffe354b093c:   cc cc cc cc 40 55 57 41 54 41 55 41 57 48 83 ec
0x00007ffe354b094c:   30 44 8b 05 b8 11 50 00 65 48 8b 04 25 58 00 00
0x00007ffe354b095c:   00 48 89 5c 24 68 48 89 74 24 70 48 8b f1 b9 08
0x00007ffe354b096c:   00 00 00 4a 8b 04 c0 4c 89 74 24 78 44 0f b6 f2
0x00007ffe354b097c:   83 be 30 01 00 00 00 4c 8b 04 08 49 8b a8 78 02
0x00007ffe354b098c:   00 00 48 8b 7d 28 4c 8b 7d 10 4c 8b 65 18 4c 8b
0x00007ffe354b099c:   6d 20 48 89 7c 24 60 7e 68 48 8d 8e 38 01 00 00
0x00007ffe354b09ac:   e8 cf 0c 00 00 48 8b f8 48 85 c0 74 4f 0f 1f 80
0x00007ffe354b09bc:   00 00 00 00 48 8b 07 41 0f b6 d6 48 8b cf ff 90
0x00007ffe354b09cc:   80 00 00 00 48 8b 07 48 8b cf 48 8b 5f 08 ff 10
0x00007ffe354b09dc:   8d 04 c5 d0 fe ff ff 2b c6 03 c3 3b 86 30 01 00
0x00007ffe354b09ec:   00 7d 19 48 98 48 8d 8e 38 01 00 00 48 03 c8 e8
0x00007ffe354b09fc:   80 0c 00 00 48 8b f8 48 85 c0 75 b8 48 8b 7c 24
0x00007ffe354b0a0c:   60 48 63 86 34 01 00 00 83 f8 fe 74 35 48 8d 8e
0x00007ffe354b0a1c:   38 01 00 00 48 03 c8 e8 58 0c 00 00 48 8b c8 48
0x00007ffe354b0a2c:   8b d8 48 8b 10 ff 52 68 33 c9 84 c0 48 0f 45 cb
0x00007ffe354b0a3c:   48 85 c9 74 0d 48 8b 01 41 0f b6 d6 ff 90 80 00
0x00007ffe354b0a4c:   00 00 48 8d 05 b3 3e 31 00 44 88 74 24 28 48 8d
0x00007ffe354b0a5c:   54 24 20 48 89 44 24 20 48 8b ce e8 d4 fc ff ff
0x00007ffe354b0a6c:   49 83 3f 00 4c 8b 74 24 78 48 8b 74 24 70 48 8b 


Stack slot to memory mapping:
stack at sp + 0 slots: 0x0000027002cb2a00 is pointing into metadata
stack at sp + 1 slots: 0x0000027002cb2830 is pointing into metadata
stack at sp + 2 slots: 0x00000000000003d8 is an unknown value
stack at sp + 3 slots: 0x0000027059bab3e8 points into unknown readable memory: 0x0e039150251d444c | 4c 44 1d 25 50 91 03 0e
stack at sp + 4 slots: 0x00007ffe357c4908 jvm.dll
stack at sp + 5 slots: 0x00007ffe35257700 jvm.dll
stack at sp + 6 slots: 0x00000000000003d8 is an unknown value
stack at sp + 7 slots: 0x0 is NULL


---------------  P R O C E S S  ---------------

Threads class SMR info:
_java_thread_list=0x0000027000006000, length=49, elements={
0x0000027059b9c800, 0x00000270751d2800, 0x00000270751d4800, 0x00000270751ef800,
0x00000270751f1800, 0x00000270751f5000, 0x00000270751f9000, 0x00000270751fd800,
0x0000027075200800, 0x0000027075cce800, 0x0000027077d28800, 0x0000027077d91800,
0x0000027077c27800, 0x0000027077c58000, 0x0000027077c54000, 0x0000027077c55800,
0x0000027077c57000, 0x0000027077c52800, 0x0000027077c59000, 0x0000027077c53000,
0x000002707ae5e000, 0x000002707ae5e800, 0x000002707ae5f800, 0x000002707ae60000,
0x000002707ae67800, 0x000002707885d800, 0x000002707885b000, 0x000002707885c000,
0x0000027078856000, 0x0000027078858000, 0x000002707885a000, 0x0000027078859800,
0x0000027078857000, 0x000002707885e800, 0x0000027078858800, 0x000002707885f000,
0x0000027078860000, 0x0000027078862800, 0x0000027078860800, 0x0000027078863000,
0x0000027078864000, 0x0000027078865000, 0x0000027078861800, 0x000002707ab11800,
0x000002707ae5b800, 0x000002707ae5c000, 0x000002707ae5d000, 0x000002707ae59000,
0x000002707ae66800
}

Java Threads: ( => current thread )
  0x0000027059b9c800 JavaThread "main" [_thread_blocked, id=7972, stack(0x000000aa13f00000,0x000000aa14000000)]
  0x00000270751d2800 JavaThread "Reference Handler" daemon [_thread_blocked, id=10900, stack(0x000000aa14600000,0x000000aa14700000)]
  0x00000270751d4800 JavaThread "Finalizer" daemon [_thread_blocked, id=5468, stack(0x000000aa14700000,0x000000aa14800000)]
  0x00000270751ef800 JavaThread "Signal Dispatcher" daemon [_thread_blocked, id=2296, stack(0x000000aa14800000,0x000000aa14900000)]
  0x00000270751f1800 JavaThread "Attach Listener" daemon [_thread_blocked, id=8508, stack(0x000000aa14900000,0x000000aa14a00000)]
  0x00000270751f5000 JavaThread "Service Thread" daemon [_thread_blocked, id=6420, stack(0x000000aa14a00000,0x000000aa14b00000)]
  0x00000270751f9000 JavaThread "C2 CompilerThread0" daemon [_thread_blocked, id=12336, stack(0x000000aa14b00000,0x000000aa14c00000)]
  0x00000270751fd800 JavaThread "C1 CompilerThread0" daemon [_thread_blocked, id=6360, stack(0x000000aa14c00000,0x000000aa14d00000)]
  0x0000027075200800 JavaThread "Sweeper thread" daemon [_thread_blocked, id=12608, stack(0x000000aa14d00000,0x000000aa14e00000)]
  0x0000027075cce800 JavaThread "Common-Cleaner" daemon [_thread_blocked, id=12604, stack(0x000000aa14e00000,0x000000aa14f00000)]
  0x0000027077d28800 JavaThread "Daemon health stats" [_thread_blocked, id=5976, stack(0x000000aa15400000,0x000000aa15500000)]
  0x0000027077d91800 JavaThread "Incoming local TCP Connector on port 58392" [_thread_in_native, id=12080, stack(0x000000aa15000000,0x000000aa15100000)]
  0x0000027077c27800 JavaThread "Daemon periodic checks" [_thread_blocked, id=1112, stack(0x000000aa15500000,0x000000aa15600000)]
  0x0000027077c58000 JavaThread "Cache worker for file hash cache (C:\Users\admin\.gradle\caches\7.0.2\fileHashes)" [_thread_blocked, id=1880, stack(0x000000aa15800000,0x000000aa15900000)]
  0x0000027077c54000 JavaThread "File lock request listener" [_thread_in_native, id=5984, stack(0x000000aa15e00000,0x000000aa15f00000)]
  0x0000027077c55800 JavaThread "Cache worker for journal cache (C:\Users\admin\.gradle\caches\journal-1)" [_thread_blocked, id=11072, stack(0x000000aa15f00000,0x000000aa16000000)]
  0x0000027077c57000 JavaThread "File watcher server" daemon [_thread_blocked, id=2240, stack(0x000000aa16200000,0x000000aa16300000)]
  0x0000027077c52800 JavaThread "File watcher consumer" daemon [_thread_blocked, id=8368, stack(0x000000aa16300000,0x000000aa16400000)]
  0x0000027077c59000 JavaThread "jar transforms" [_thread_blocked, id=9652, stack(0x000000aa16400000,0x000000aa16500000)]
  0x0000027077c53000 JavaThread "jar transforms Thread 2" [_thread_blocked, id=7140, stack(0x000000aa16500000,0x000000aa16600000)]
  0x000002707ae5e000 JavaThread "jar transforms Thread 3" [_thread_blocked, id=5408, stack(0x000000aa16600000,0x000000aa16700000)]
  0x000002707ae5e800 JavaThread "jar transforms Thread 4" [_thread_blocked, id=9144, stack(0x000000aa16700000,0x000000aa16800000)]
  0x000002707ae5f800 JavaThread "Cache worker for execution history cache (C:\Users\admin\.gradle\caches\7.0.2\executionHistory)" [_thread_blocked, id=8648, stack(0x000000aa16b00000,0x000000aa16c00000)]
  0x000002707ae60000 JavaThread "Cache worker for file content cache (C:\Users\admin\.gradle\caches\7.0.2\fileContent)" [_thread_blocked, id=6132, stack(0x000000aa16c00000,0x000000aa16d00000)]
  0x000002707ae67800 JavaThread "Memory manager" [_thread_blocked, id=1884, stack(0x000000aa17300000,0x000000aa17400000)]
  0x000002707885d800 JavaThread "Cache worker for Java compile cache (C:\Users\admin\.gradle\caches\7.0.2\javaCompile)" [_thread_blocked, id=5736, stack(0x000000aa17600000,0x000000aa17700000)]
  0x000002707885b000 JavaThread "Daemon Thread 19" [_thread_blocked, id=800, stack(0x000000aa13c00000,0x000000aa13d00000)]
  0x000002707885c000 JavaThread "Handler for socket connection from /127.0.0.1:58392 to /127.0.0.1:61916" [_thread_in_native, id=1408, stack(0x000000aa13d00000,0x000000aa13e00000)]
  0x0000027078856000 JavaThread "Cancel handler" [_thread_blocked, id=6944, stack(0x000000aa13e00000,0x000000aa13f00000)]
  0x0000027078858000 JavaThread "Daemon worker Thread 19" [_thread_blocked, id=10884, stack(0x000000aa15600000,0x000000aa15700000)]
  0x000002707885a000 JavaThread "Asynchronous log dispatcher for DefaultDaemonConnection: socket connection from /127.0.0.1:58392 to /127.0.0.1:61916" [_thread_blocked, id=9440, stack(0x000000aa15700000,0x000000aa15800000)]
  0x0000027078859800 JavaThread "Stdin handler" [_thread_blocked, id=8560, stack(0x000000aa15900000,0x000000aa15a00000)]
  0x0000027078857000 JavaThread "Daemon client event forwarder" [_thread_blocked, id=13436, stack(0x000000aa15a00000,0x000000aa15b00000)]
  0x000002707885e800 JavaThread "Cache worker for file hash cache (C:\Users\admin\Documents\platzi-market\.gradle\7.0.2\fileHashes)" [_thread_blocked, id=5392, stack(0x000000aa15b00000,0x000000aa15c00000)]
  0x0000027078858800 JavaThread "Cache worker for checksums cache (C:\Users\admin\Documents\platzi-market\.gradle\checksums)" [_thread_blocked, id=14496, stack(0x000000aa15c00000,0x000000aa15d00000)]
  0x000002707885f000 JavaThread "Cache worker for cache directory md-supplier (C:\Users\admin\.gradle\caches\7.0.2\md-supplier)" [_thread_blocked, id=13164, stack(0x000000aa15d00000,0x000000aa15e00000)]
  0x0000027078860000 JavaThread "Cache worker for cache directory md-rule (C:\Users\admin\.gradle\caches\7.0.2\md-rule)" [_thread_blocked, id=8076, stack(0x000000aa16000000,0x000000aa16100000)]
  0x0000027078862800 JavaThread "Cache worker for dependencies-accessors (C:\Users\admin\Documents\platzi-market\.gradle\7.0.2\dependencies-accessors)" [_thread_blocked, id=6528, stack(0x000000aa16100000,0x000000aa16200000)]
  0x0000027078860800 JavaThread "Cache worker for Build Output Cleanup Cache (C:\Users\admin\Documents\platzi-market\.gradle\buildOutputCleanup)" [_thread_blocked, id=2584, stack(0x000000aa16800000,0x000000aa16900000)]
  0x0000027078863000 JavaThread "Build operations" [_thread_blocked, id=2792, stack(0x000000aa16900000,0x000000aa16a00000)]
  0x0000027078864000 JavaThread "Build operations Thread 2" [_thread_blocked, id=7836, stack(0x000000aa16a00000,0x000000aa16b00000)]
  0x0000027078865000 JavaThread "Build operations Thread 3" [_thread_blocked, id=15480, stack(0x000000aa16d00000,0x000000aa16e00000)]
  0x0000027078861800 JavaThread "Build operations Thread 4" [_thread_blocked, id=10216, stack(0x000000aa16e00000,0x000000aa16f00000)]
  0x000002707ab11800 JavaThread "C2 CompilerThread1" daemon [_thread_blocked, id=8628, stack(0x000000aa16f00000,0x000000aa17000000)]
  0x000002707ae5b800 JavaThread "Execution worker for ':'" [_thread_blocked, id=12312, stack(0x000000aa17000000,0x000000aa17100000)]
  0x000002707ae5c000 JavaThread "Execution worker for ':' Thread 2" [_thread_blocked, id=5716, stack(0x000000aa17100000,0x000000aa17200000)]
  0x000002707ae5d000 JavaThread "Execution worker for ':' Thread 3" [_thread_blocked, id=3576, stack(0x000000aa17200000,0x000000aa17300000)]
  0x000002707ae59000 JavaThread "Cache worker for execution history cache (C:\Users\admin\Documents\platzi-market\.gradle\7.0.2\executionHistory)" [_thread_blocked, id=14108, stack(0x000000aa17400000,0x000000aa17500000)]
  0x000002707ae66800 JavaThread "Cache worker for Java compile cache (C:\Users\admin\Documents\platzi-market\.gradle\7.0.2\javaCompile)" [_thread_blocked, id=7932, stack(0x000000aa17700000,0x000000aa17800000)]

Other Threads:
  0x00000270751ac000 VMThread "VM Thread" [stack: 0x000000aa14500000,0x000000aa14600000] [id=9460]
  0x0000027075ce0000 WatcherThread [stack: 0x000000aa14f00000,0x000000aa15000000] [id=2172]
=>0x0000027059bb5000 GCTaskThread "GC Thread#0" [stack: 0x000000aa14000000,0x000000aa14100000] [id=3220]
  0x000002707622a800 GCTaskThread "GC Thread#1" [stack: 0x000000aa15100000,0x000000aa15200000] [id=1368]
  0x000002707622b000 GCTaskThread "GC Thread#2" [stack: 0x000000aa15200000,0x000000aa15300000] [id=980]
  0x0000027076487000 GCTaskThread "GC Thread#3" [stack: 0x000000aa15300000,0x000000aa15400000] [id=6592]
  0x0000027059bc7800 ConcurrentGCThread "G1 Main Marker" [stack: 0x000000aa14100000,0x000000aa14200000] [id=9196]
  0x0000027059bc8800 ConcurrentGCThread "G1 Conc#0" [stack: 0x000000aa14200000,0x000000aa14300000] [id=6708]
  0x0000027075046800 ConcurrentGCThread "G1 Refine#0" [stack: 0x000000aa14300000,0x000000aa14400000] [id=3180]
  0x00000270783fc800 ConcurrentGCThread "G1 Refine#1" [stack: 0x000000aa17500000,0x000000aa17600000] [id=11852]
  0x0000027075047800 ConcurrentGCThread "G1 Young RemSet Sampling" [stack: 0x000000aa14400000,0x000000aa14500000] [id=11816]

Threads with active compile tasks:
C2 CompilerThread128643752 27510       4       com.sun.tools.javac.parser.JavacParser::toP (9 bytes)

VM state:at safepoint (normal execution)

VM Mutex/Monitor currently owned by a thread:  ([mutex/lock_event])
[0x0000027059b99610] Threads_lock - owner thread: 0x00000270751ac000
[0x0000027059b98890] Heap_lock - owner thread: 0x0000027059bc7800

Heap address: 0x00000000e0000000, size: 512 MB, Compressed Oops mode: 32-bit
Narrow klass base: 0x0000000000000000, Narrow klass shift: 3
Compressed class space size: 260046848 Address: 0x0000000100000000

Heap:
 garbage-first heap   total 262144K, used 170342K [0x00000000e0000000, 0x0000000100000000)
  region size 1024K, 49 young (50176K), 5 survivors (5120K)
 Metaspace       used 103480K, capacity 106989K, committed 111352K, reserved 352256K
  class space    used 12410K, capacity 13620K, committed 14336K, reserved 253952K
Heap Regions: E=young(eden), S=young(survivor), O=old, HS=humongous(starts), HC=humongous(continues), CS=collection set, F=free, A=archive, TAMS=top-at-mark-start (previous, next)
|   0|0x00000000e0000000, 0x00000000e0100000, 0x00000000e0100000|100%| O|  |TAMS 0x00000000e0100000, 0x00000000e0100000| Untracked 
|   1|0x00000000e0100000, 0x00000000e0200000, 0x00000000e0200000|100%| O|  |TAMS 0x00000000e0200000, 0x00000000e0200000| Untracked 
|   2|0x00000000e0200000, 0x00000000e0300000, 0x00000000e0300000|100%| O|  |TAMS 0x00000000e0300000, 0x00000000e0300000| Untracked 
|   3|0x00000000e0300000, 0x00000000e0400000, 0x00000000e0400000|100%|HS|  |TAMS 0x00000000e0400000, 0x00000000e0400000| Complete 
|   4|0x00000000e0400000, 0x00000000e0500000, 0x00000000e0500000|100%|HC|  |TAMS 0x00000000e0500000, 0x00000000e0500000| Complete 
|   5|0x00000000e0500000, 0x00000000e0600000, 0x00000000e0600000|100%|HC|  |TAMS 0x00000000e0600000, 0x00000000e0600000| Complete 
|   6|0x00000000e0600000, 0x00000000e0700000, 0x00000000e0700000|100%| O|  |TAMS 0x00000000e0700000, 0x00000000e0700000| Untracked 
|   7|0x00000000e0700000, 0x00000000e0800000, 0x00000000e0800000|100%| O|  |TAMS 0x00000000e0800000, 0x00000000e0800000| Untracked 
|   8|0x00000000e0800000, 0x00000000e0900000, 0x00000000e0900000|100%| O|  |TAMS 0x00000000e0900000, 0x00000000e0900000| Untracked 
|   9|0x00000000e0900000, 0x00000000e0a00000, 0x00000000e0a00000|100%| O|  |TAMS 0x00000000e0a00000, 0x00000000e0a00000| Untracked 
|  10|0x00000000e0a00000, 0x00000000e0b00000, 0x00000000e0b00000|100%| O|  |TAMS 0x00000000e0b00000, 0x00000000e0b00000| Untracked 
|  11|0x00000000e0b00000, 0x00000000e0c00000, 0x00000000e0c00000|100%| O|  |TAMS 0x00000000e0c00000, 0x00000000e0c00000| Untracked 
|  12|0x00000000e0c00000, 0x00000000e0d00000, 0x00000000e0d00000|100%| O|  |TAMS 0x00000000e0d00000, 0x00000000e0d00000| Untracked 
|  13|0x00000000e0d00000, 0x00000000e0e00000, 0x00000000e0e00000|100%| O|  |TAMS 0x00000000e0e00000, 0x00000000e0e00000| Untracked 
|  14|0x00000000e0e00000, 0x00000000e0f00000, 0x00000000e0f00000|100%|HS|  |TAMS 0x00000000e0f00000, 0x00000000e0f00000| Complete 
|  15|0x00000000e0f00000, 0x00000000e1000000, 0x00000000e1000000|100%| O|  |TAMS 0x00000000e1000000, 0x00000000e1000000| Untracked 
|  16|0x00000000e1000000, 0x00000000e1100000, 0x00000000e1100000|100%| O|  |TAMS 0x00000000e1100000, 0x00000000e1100000| Untracked 
|  17|0x00000000e1100000, 0x00000000e1200000, 0x00000000e1200000|100%| O|  |TAMS 0x00000000e1200000, 0x00000000e1200000| Untracked 
|  18|0x00000000e1200000, 0x00000000e1300000, 0x00000000e1300000|100%| O|  |TAMS 0x00000000e1200000, 0x00000000e1300000| Untracked 
|  19|0x00000000e1300000, 0x00000000e1400000, 0x00000000e1400000|100%| O|  |TAMS 0x00000000e1300000, 0x00000000e1400000| Untracked 
|  20|0x00000000e1400000, 0x00000000e1500000, 0x00000000e1500000|100%| O|  |TAMS 0x00000000e1400000, 0x00000000e1500000| Untracked 
|  21|0x00000000e1500000, 0x00000000e1600000, 0x00000000e1600000|100%| O|  |TAMS 0x00000000e1600000, 0x00000000e1600000| Untracked 
|  22|0x00000000e1600000, 0x00000000e1700000, 0x00000000e1700000|100%| O|  |TAMS 0x00000000e1600000, 0x00000000e1700000| Untracked 
|  23|0x00000000e1700000, 0x00000000e1800000, 0x00000000e1800000|100%| O|  |TAMS 0x00000000e1700000, 0x00000000e1800000| Untracked 
|  24|0x00000000e1800000, 0x00000000e1900000, 0x00000000e1900000|100%| O|  |TAMS 0x00000000e1900000, 0x00000000e1900000| Untracked 
|  25|0x00000000e1900000, 0x00000000e1a00000, 0x00000000e1a00000|100%| O|  |TAMS 0x00000000e1a00000, 0x00000000e1a00000| Untracked 
|  26|0x00000000e1a00000, 0x00000000e1b00000, 0x00000000e1b00000|100%| O|  |TAMS 0x00000000e1b00000, 0x00000000e1b00000| Untracked 
|  27|0x00000000e1b00000, 0x00000000e1c00000, 0x00000000e1c00000|100%| O|  |TAMS 0x00000000e1c00000, 0x00000000e1c00000| Untracked 
|  28|0x00000000e1c00000, 0x00000000e1d00000, 0x00000000e1d00000|100%|HS|  |TAMS 0x00000000e1d00000, 0x00000000e1d00000| Complete 
|  29|0x00000000e1d00000, 0x00000000e1e00000, 0x00000000e1e00000|100%|HC|  |TAMS 0x00000000e1e00000, 0x00000000e1e00000| Complete 
|  30|0x00000000e1e00000, 0x00000000e1f00000, 0x00000000e1f00000|100%|HC|  |TAMS 0x00000000e1f00000, 0x00000000e1f00000| Complete 
|  31|0x00000000e1f00000, 0x00000000e2000000, 0x00000000e2000000|100%|HC|  |TAMS 0x00000000e2000000, 0x00000000e2000000| Complete 
|  32|0x00000000e2000000, 0x00000000e2100000, 0x00000000e2100000|100%|HC|  |TAMS 0x00000000e2100000, 0x00000000e2100000| Complete 
|  33|0x00000000e2100000, 0x00000000e2200000, 0x00000000e2200000|100%|HS|  |TAMS 0x00000000e2200000, 0x00000000e2200000| Complete 
|  34|0x00000000e2200000, 0x00000000e2300000, 0x00000000e2300000|100%|HC|  |TAMS 0x00000000e2300000, 0x00000000e2300000| Complete 
|  35|0x00000000e2300000, 0x00000000e2400000, 0x00000000e2400000|100%|HC|  |TAMS 0x00000000e2400000, 0x00000000e2400000| Complete 
|  36|0x00000000e2400000, 0x00000000e2500000, 0x00000000e2500000|100%|HC|  |TAMS 0x00000000e2500000, 0x00000000e2500000| Complete 
|  37|0x00000000e2500000, 0x00000000e2600000, 0x00000000e2600000|100%| O|  |TAMS 0x00000000e2600000, 0x00000000e2600000| Untracked 
|  38|0x00000000e2600000, 0x00000000e2700000, 0x00000000e2700000|100%| O|  |TAMS 0x00000000e2700000, 0x00000000e2700000| Untracked 
|  39|0x00000000e2700000, 0x00000000e2800000, 0x00000000e2800000|100%| O|  |TAMS 0x00000000e2800000, 0x00000000e2800000| Untracked 
|  40|0x00000000e2800000, 0x00000000e2900000, 0x00000000e2900000|100%| O|  |TAMS 0x00000000e2900000, 0x00000000e2900000| Untracked 
|  41|0x00000000e2900000, 0x00000000e2a00000, 0x00000000e2a00000|100%| O|  |TAMS 0x00000000e2a00000, 0x00000000e2a00000| Untracked 
|  42|0x00000000e2a00000, 0x00000000e2b00000, 0x00000000e2b00000|100%| O|  |TAMS 0x00000000e2a00000, 0x00000000e2b00000| Untracked 
|  43|0x00000000e2b00000, 0x00000000e2c00000, 0x00000000e2c00000|100%| O|  |TAMS 0x00000000e2c00000, 0x00000000e2c00000| Untracked 
|  44|0x00000000e2c00000, 0x00000000e2d00000, 0x00000000e2d00000|100%| O|  |TAMS 0x00000000e2d00000, 0x00000000e2d00000| Untracked 
|  45|0x00000000e2d00000, 0x00000000e2e00000, 0x00000000e2e00000|100%| O|  |TAMS 0x00000000e2d00000, 0x00000000e2e00000| Untracked 
|  46|0x00000000e2e00000, 0x00000000e2f00000, 0x00000000e2f00000|100%| O|  |TAMS 0x00000000e2f00000, 0x00000000e2f00000| Untracked 
|  47|0x00000000e2f00000, 0x00000000e3000000, 0x00000000e3000000|100%| O|  |TAMS 0x00000000e2f00000, 0x00000000e3000000| Untracked 
|  48|0x00000000e3000000, 0x00000000e3100000, 0x00000000e3100000|100%| O|  |TAMS 0x00000000e3100000, 0x00000000e3100000| Untracked 
|  49|0x00000000e3100000, 0x00000000e3200000, 0x00000000e3200000|100%| O|  |TAMS 0x00000000e3200000, 0x00000000e3200000| Untracked 
|  50|0x00000000e3200000, 0x00000000e3300000, 0x00000000e3300000|100%| O|  |TAMS 0x00000000e3300000, 0x00000000e3300000| Untracked 
|  51|0x00000000e3300000, 0x00000000e3400000, 0x00000000e3400000|100%| O|  |TAMS 0x00000000e3400000, 0x00000000e3400000| Untracked 
|  52|0x00000000e3400000, 0x00000000e3500000, 0x00000000e3500000|100%| O|  |TAMS 0x00000000e3500000, 0x00000000e3500000| Untracked 
|  53|0x00000000e3500000, 0x00000000e3600000, 0x00000000e3600000|100%| O|  |TAMS 0x00000000e3600000, 0x00000000e3600000| Untracked 
|  54|0x00000000e3600000, 0x00000000e3700000, 0x00000000e3700000|100%| O|  |TAMS 0x00000000e3700000, 0x00000000e3700000| Untracked 
|  55|0x00000000e3700000, 0x00000000e3800000, 0x00000000e3800000|100%| O|  |TAMS 0x00000000e3800000, 0x00000000e3800000| Untracked 
|  56|0x00000000e3800000, 0x00000000e3900000, 0x00000000e3900000|100%| O|  |TAMS 0x00000000e3900000, 0x00000000e3900000| Untracked 
|  57|0x00000000e3900000, 0x00000000e3a00000, 0x00000000e3a00000|100%| O|  |TAMS 0x00000000e3900000, 0x00000000e3a00000| Untracked 
|  58|0x00000000e3a00000, 0x00000000e3b00000, 0x00000000e3b00000|100%| O|  |TAMS 0x00000000e3b00000, 0x00000000e3b00000| Untracked 
|  59|0x00000000e3b00000, 0x00000000e3c00000, 0x00000000e3c00000|100%| O|  |TAMS 0x00000000e3c00000, 0x00000000e3c00000| Untracked 
|  60|0x00000000e3c00000, 0x00000000e3d00000, 0x00000000e3d00000|100%| O|  |TAMS 0x00000000e3d00000, 0x00000000e3d00000| Untracked 
|  61|0x00000000e3d00000, 0x00000000e3e00000, 0x00000000e3e00000|100%| O|  |TAMS 0x00000000e3e00000, 0x00000000e3e00000| Untracked 
|  62|0x00000000e3e00000, 0x00000000e3f00000, 0x00000000e3f00000|100%| O|  |TAMS 0x00000000e3f00000, 0x00000000e3f00000| Untracked 
|  63|0x00000000e3f00000, 0x00000000e4000000, 0x00000000e4000000|100%| O|  |TAMS 0x00000000e4000000, 0x00000000e4000000| Untracked 
|  64|0x00000000e4000000, 0x00000000e4100000, 0x00000000e4100000|100%| O|  |TAMS 0x00000000e4100000, 0x00000000e4100000| Untracked 
|  65|0x00000000e4100000, 0x00000000e4200000, 0x00000000e4200000|100%| O|  |TAMS 0x00000000e4200000, 0x00000000e4200000| Untracked 
|  66|0x00000000e4200000, 0x00000000e4300000, 0x00000000e4300000|100%| O|  |TAMS 0x00000000e4300000, 0x00000000e4300000| Untracked 
|  67|0x00000000e4300000, 0x00000000e4400000, 0x00000000e4400000|100%| O|  |TAMS 0x00000000e4400000, 0x00000000e4400000| Untracked 
|  68|0x00000000e4400000, 0x00000000e4500000, 0x00000000e4500000|100%| O|  |TAMS 0x00000000e4500000, 0x00000000e4500000| Untracked 
|  69|0x00000000e4500000, 0x00000000e4600000, 0x00000000e4600000|100%| O|  |TAMS 0x00000000e4600000, 0x00000000e4600000| Untracked 
|  70|0x00000000e4600000, 0x00000000e4700000, 0x00000000e4700000|100%| O|  |TAMS 0x00000000e4700000, 0x00000000e4700000| Untracked 
|  71|0x00000000e4700000, 0x00000000e4800000, 0x00000000e4800000|100%| O|  |TAMS 0x00000000e4800000, 0x00000000e4800000| Untracked 
|  72|0x00000000e4800000, 0x00000000e4900000, 0x00000000e4900000|100%| O|  |TAMS 0x00000000e4900000, 0x00000000e4900000| Untracked 
|  73|0x00000000e4900000, 0x00000000e4a00000, 0x00000000e4a00000|100%| O|  |TAMS 0x00000000e4a00000, 0x00000000e4a00000| Untracked 
|  74|0x00000000e4a00000, 0x00000000e4b00000, 0x00000000e4b00000|100%| O|  |TAMS 0x00000000e4b00000, 0x00000000e4b00000| Untracked 
|  75|0x00000000e4b00000, 0x00000000e4c00000, 0x00000000e4c00000|100%| O|  |TAMS 0x00000000e4c00000, 0x00000000e4c00000| Untracked 
|  76|0x00000000e4c00000, 0x00000000e4d00000, 0x00000000e4d00000|100%| O|  |TAMS 0x00000000e4d00000, 0x00000000e4d00000| Untracked 
|  77|0x00000000e4d00000, 0x00000000e4e00000, 0x00000000e4e00000|100%| O|  |TAMS 0x00000000e4d00000, 0x00000000e4e00000| Untracked 
|  78|0x00000000e4e00000, 0x00000000e4f00000, 0x00000000e4f00000|100%| O|  |TAMS 0x00000000e4f00000, 0x00000000e4f00000| Untracked 
|  79|0x00000000e4f00000, 0x00000000e5000000, 0x00000000e5000000|100%| O|  |TAMS 0x00000000e5000000, 0x00000000e5000000| Untracked 
|  80|0x00000000e5000000, 0x00000000e5100000, 0x00000000e5100000|100%| O|  |TAMS 0x00000000e504fa00, 0x00000000e5100000| Untracked 
|  81|0x00000000e5100000, 0x00000000e5200000, 0x00000000e5200000|100%| O|  |TAMS 0x00000000e5100000, 0x00000000e5200000| Untracked 
|  82|0x00000000e5200000, 0x00000000e5300000, 0x00000000e5300000|100%|HS|  |TAMS 0x00000000e5200000, 0x00000000e5200000| Complete 
|  83|0x00000000e5300000, 0x00000000e5345c00, 0x00000000e5400000| 27%| O|  |TAMS 0x00000000e5300000, 0x00000000e5345c00| Untracked 
|  84|0x00000000e5400000, 0x00000000e5500000, 0x00000000e5500000|100%| O|  |TAMS 0x00000000e5500000, 0x00000000e5500000| Untracked 
|  85|0x00000000e5500000, 0x00000000e5600000, 0x00000000e5600000|100%| O|  |TAMS 0x00000000e5600000, 0x00000000e5600000| Untracked 
|  86|0x00000000e5600000, 0x00000000e5600000, 0x00000000e5700000|  0%| F|  |TAMS 0x00000000e5600000, 0x00000000e5600000| Untracked 
|  87|0x00000000e5700000, 0x00000000e5700000, 0x00000000e5800000|  0%| F|  |TAMS 0x00000000e5700000, 0x00000000e5700000| Untracked 
|  88|0x00000000e5800000, 0x00000000e5900000, 0x00000000e5900000|100%| O|  |TAMS 0x00000000e5900000, 0x00000000e5900000| Untracked 
|  89|0x00000000e5900000, 0x00000000e5a00000, 0x00000000e5a00000|100%| O|  |TAMS 0x00000000e5a00000, 0x00000000e5a00000| Untracked 
|  90|0x00000000e5a00000, 0x00000000e5b00000, 0x00000000e5b00000|100%| O|  |TAMS 0x00000000e5b00000, 0x00000000e5b00000| Untracked 
|  91|0x00000000e5b00000, 0x00000000e5c00000, 0x00000000e5c00000|100%| O|  |TAMS 0x00000000e5c00000, 0x00000000e5c00000| Untracked 
|  92|0x00000000e5c00000, 0x00000000e5d00000, 0x00000000e5d00000|100%| O|  |TAMS 0x00000000e5d00000, 0x00000000e5d00000| Untracked 
|  93|0x00000000e5d00000, 0x00000000e5e00000, 0x00000000e5e00000|100%| O|  |TAMS 0x00000000e5e00000, 0x00000000e5e00000| Untracked 
|  94|0x00000000e5e00000, 0x00000000e5f00000, 0x00000000e5f00000|100%| O|  |TAMS 0x00000000e5f00000, 0x00000000e5f00000| Untracked 
|  95|0x00000000e5f00000, 0x00000000e6000000, 0x00000000e6000000|100%| O|  |TAMS 0x00000000e6000000, 0x00000000e6000000| Untracked 
|  96|0x00000000e6000000, 0x00000000e6100000, 0x00000000e6100000|100%| O|  |TAMS 0x00000000e6100000, 0x00000000e6100000| Untracked 
|  97|0x00000000e6100000, 0x00000000e6200000, 0x00000000e6200000|100%| O|  |TAMS 0x00000000e6200000, 0x00000000e6200000| Untracked 
|  98|0x00000000e6200000, 0x00000000e6300000, 0x00000000e6300000|100%| O|  |TAMS 0x00000000e6300000, 0x00000000e6300000| Untracked 
|  99|0x00000000e6300000, 0x00000000e6400000, 0x00000000e6400000|100%| O|  |TAMS 0x00000000e6400000, 0x00000000e6400000| Untracked 
| 100|0x00000000e6400000, 0x00000000e6400000, 0x00000000e6500000|  0%| F|  |TAMS 0x00000000e6400000, 0x00000000e6400000| Untracked 
| 101|0x00000000e6500000, 0x00000000e6600000, 0x00000000e6600000|100%| O|  |TAMS 0x00000000e6600000, 0x00000000e6600000| Untracked 
| 102|0x00000000e6600000, 0x00000000e6700000, 0x00000000e6700000|100%| O|  |TAMS 0x00000000e6700000, 0x00000000e6700000| Untracked 
| 103|0x00000000e6700000, 0x00000000e6800000, 0x00000000e6800000|100%| O|  |TAMS 0x00000000e6800000, 0x00000000e6800000| Untracked 
| 104|0x00000000e6800000, 0x00000000e6800000, 0x00000000e6900000|  0%| F|  |TAMS 0x00000000e6800000, 0x00000000e6800000| Untracked 
| 105|0x00000000e6900000, 0x00000000e6900000, 0x00000000e6a00000|  0%| F|  |TAMS 0x00000000e6900000, 0x00000000e6900000| Untracked 
| 106|0x00000000e6a00000, 0x00000000e6b00000, 0x00000000e6b00000|100%| O|  |TAMS 0x00000000e6b00000, 0x00000000e6b00000| Untracked 
| 107|0x00000000e6b00000, 0x00000000e6c00000, 0x00000000e6c00000|100%| O|  |TAMS 0x00000000e6c00000, 0x00000000e6c00000| Untracked 
| 108|0x00000000e6c00000, 0x00000000e6d00000, 0x00000000e6d00000|100%| O|  |TAMS 0x00000000e6d00000, 0x00000000e6d00000| Untracked 
| 109|0x00000000e6d00000, 0x00000000e6e00000, 0x00000000e6e00000|100%| O|  |TAMS 0x00000000e6e00000, 0x00000000e6e00000| Untracked 
| 110|0x00000000e6e00000, 0x00000000e6e00000, 0x00000000e6f00000|  0%| F|  |TAMS 0x00000000e6e00000, 0x00000000e6e00000| Untracked 
| 111|0x00000000e6f00000, 0x00000000e6f00000, 0x00000000e7000000|  0%| F|  |TAMS 0x00000000e6f00000, 0x00000000e6f00000| Untracked 
| 112|0x00000000e7000000, 0x00000000e7000000, 0x00000000e7100000|  0%| F|  |TAMS 0x00000000e7000000, 0x00000000e7000000| Untracked 
| 113|0x00000000e7100000, 0x00000000e7100000, 0x00000000e7200000|  0%| F|  |TAMS 0x00000000e7100000, 0x00000000e7100000| Untracked 
| 114|0x00000000e7200000, 0x00000000e7200000, 0x00000000e7300000|  0%| F|  |TAMS 0x00000000e7200000, 0x00000000e7200000| Untracked 
| 115|0x00000000e7300000, 0x00000000e7300000, 0x00000000e7400000|  0%| F|  |TAMS 0x00000000e7300000, 0x00000000e7300000| Untracked 
| 116|0x00000000e7400000, 0x00000000e7400000, 0x00000000e7500000|  0%| F|  |TAMS 0x00000000e7400000, 0x00000000e7400000| Untracked 
| 117|0x00000000e7500000, 0x00000000e7500000, 0x00000000e7600000|  0%| F|  |TAMS 0x00000000e7500000, 0x00000000e7500000| Untracked 
| 118|0x00000000e7600000, 0x00000000e7600000, 0x00000000e7700000|  0%| F|  |TAMS 0x00000000e7600000, 0x00000000e7600000| Untracked 
| 119|0x00000000e7700000, 0x00000000e7700000, 0x00000000e7800000|  0%| F|  |TAMS 0x00000000e7700000, 0x00000000e7700000| Untracked 
| 120|0x00000000e7800000, 0x00000000e7900000, 0x00000000e7900000|100%| O|  |TAMS 0x00000000e7900000, 0x00000000e7900000| Untracked 
| 121|0x00000000e7900000, 0x00000000e7900000, 0x00000000e7a00000|  0%| F|  |TAMS 0x00000000e7900000, 0x00000000e7900000| Untracked 
| 122|0x00000000e7a00000, 0x00000000e7a00000, 0x00000000e7b00000|  0%| F|  |TAMS 0x00000000e7a00000, 0x00000000e7a00000| Untracked 
| 123|0x00000000e7b00000, 0x00000000e7c00000, 0x00000000e7c00000|100%| O|  |TAMS 0x00000000e7c00000, 0x00000000e7c00000| Untracked 
| 124|0x00000000e7c00000, 0x00000000e7c00000, 0x00000000e7d00000|  0%| F|  |TAMS 0x00000000e7c00000, 0x00000000e7c00000| Untracked 
| 125|0x00000000e7d00000, 0x00000000e7e00000, 0x00000000e7e00000|100%| O|  |TAMS 0x00000000e7e00000, 0x00000000e7e00000| Untracked 
| 126|0x00000000e7e00000, 0x00000000e7f00000, 0x00000000e7f00000|100%| O|  |TAMS 0x00000000e7f00000, 0x00000000e7f00000| Untracked 
| 127|0x00000000e7f00000, 0x00000000e8000000, 0x00000000e8000000|100%| O|  |TAMS 0x00000000e8000000, 0x00000000e8000000| Untracked 
| 128|0x00000000e8000000, 0x00000000e8100000, 0x00000000e8100000|100%| O|  |TAMS 0x00000000e8100000, 0x00000000e8100000| Untracked 
| 129|0x00000000e8100000, 0x00000000e8200000, 0x00000000e8200000|100%| O|  |TAMS 0x00000000e8200000, 0x00000000e8200000| Untracked 
| 130|0x00000000e8200000, 0x00000000e8300000, 0x00000000e8300000|100%| O|  |TAMS 0x00000000e8300000, 0x00000000e8300000| Untracked 
| 131|0x00000000e8300000, 0x00000000e8400000, 0x00000000e8400000|100%| O|  |TAMS 0x00000000e8400000, 0x00000000e8400000| Untracked 
| 132|0x00000000e8400000, 0x00000000e8400000, 0x00000000e8500000|  0%| F|  |TAMS 0x00000000e8400000, 0x00000000e8400000| Untracked 
| 133|0x00000000e8500000, 0x00000000e8500000, 0x00000000e8600000|  0%| F|  |TAMS 0x00000000e8500000, 0x00000000e8500000| Untracked 
| 134|0x00000000e8600000, 0x00000000e8600000, 0x00000000e8700000|  0%| F|  |TAMS 0x00000000e8600000, 0x00000000e8600000| Untracked 
| 135|0x00000000e8700000, 0x00000000e8700000, 0x00000000e8800000|  0%| F|  |TAMS 0x00000000e8700000, 0x00000000e8700000| Untracked 
| 136|0x00000000e8800000, 0x00000000e8800000, 0x00000000e8900000|  0%| F|  |TAMS 0x00000000e8800000, 0x00000000e8800000| Untracked 
| 137|0x00000000e8900000, 0x00000000e8900000, 0x00000000e8a00000|  0%| F|  |TAMS 0x00000000e8900000, 0x00000000e8900000| Untracked 
| 138|0x00000000e8a00000, 0x00000000e8b00000, 0x00000000e8b00000|100%| O|  |TAMS 0x00000000e8b00000, 0x00000000e8b00000| Untracked 
| 139|0x00000000e8b00000, 0x00000000e8c00000, 0x00000000e8c00000|100%| O|  |TAMS 0x00000000e8c00000, 0x00000000e8c00000| Untracked 
| 140|0x00000000e8c00000, 0x00000000e8d00000, 0x00000000e8d00000|100%| O|  |TAMS 0x00000000e8d00000, 0x00000000e8d00000| Untracked 
| 141|0x00000000e8d00000, 0x00000000e8e00000, 0x00000000e8e00000|100%| O|  |TAMS 0x00000000e8e00000, 0x00000000e8e00000| Untracked 
| 142|0x00000000e8e00000, 0x00000000e8e00000, 0x00000000e8f00000|  0%| F|  |TAMS 0x00000000e8e00000, 0x00000000e8e00000| Untracked 
| 143|0x00000000e8f00000, 0x00000000e8f00000, 0x00000000e9000000|  0%| F|  |TAMS 0x00000000e8f00000, 0x00000000e8f00000| Untracked 
| 144|0x00000000e9000000, 0x00000000e9000000, 0x00000000e9100000|  0%| F|  |TAMS 0x00000000e9000000, 0x00000000e9000000| Untracked 
| 145|0x00000000e9100000, 0x00000000e9100000, 0x00000000e9200000|  0%| F|  |TAMS 0x00000000e9100000, 0x00000000e9100000| Untracked 
| 146|0x00000000e9200000, 0x00000000e9200000, 0x00000000e9300000|  0%| F|  |TAMS 0x00000000e9200000, 0x00000000e9200000| Untracked 
| 147|0x00000000e9300000, 0x00000000e9300000, 0x00000000e9400000|  0%| F|  |TAMS 0x00000000e9300000, 0x00000000e9300000| Untracked 
| 148|0x00000000e9400000, 0x00000000e9400000, 0x00000000e9500000|  0%| F|  |TAMS 0x00000000e9400000, 0x00000000e9400000| Untracked 
| 149|0x00000000e9500000, 0x00000000e9500000, 0x00000000e9600000|  0%| F|  |TAMS 0x00000000e9500000, 0x00000000e9500000| Untracked 
| 150|0x00000000e9600000, 0x00000000e9600000, 0x00000000e9700000|  0%| F|  |TAMS 0x00000000e9600000, 0x00000000e9600000| Untracked 
| 151|0x00000000e9700000, 0x00000000e9700000, 0x00000000e9800000|  0%| F|  |TAMS 0x00000000e9700000, 0x00000000e9700000| Untracked 
| 152|0x00000000e9800000, 0x00000000e9800000, 0x00000000e9900000|  0%| F|  |TAMS 0x00000000e9800000, 0x00000000e9800000| Untracked 
| 153|0x00000000e9900000, 0x00000000e9900000, 0x00000000e9a00000|  0%| F|  |TAMS 0x00000000e9900000, 0x00000000e9900000| Untracked 
| 154|0x00000000e9a00000, 0x00000000e9a00000, 0x00000000e9b00000|  0%| F|  |TAMS 0x00000000e9a00000, 0x00000000e9a00000| Untracked 
| 155|0x00000000e9b00000, 0x00000000e9b00000, 0x00000000e9c00000|  0%| F|  |TAMS 0x00000000e9b00000, 0x00000000e9b00000| Untracked 
| 156|0x00000000e9c00000, 0x00000000e9d00000, 0x00000000e9d00000|100%| O|  |TAMS 0x00000000e9d00000, 0x00000000e9d00000| Untracked 
| 157|0x00000000e9d00000, 0x00000000e9d00000, 0x00000000e9e00000|  0%| F|  |TAMS 0x00000000e9d00000, 0x00000000e9d00000| Untracked 
| 158|0x00000000e9e00000, 0x00000000e9e00000, 0x00000000e9f00000|  0%| F|  |TAMS 0x00000000e9e00000, 0x00000000e9e00000| Untracked 
| 159|0x00000000e9f00000, 0x00000000e9f00000, 0x00000000ea000000|  0%| F|  |TAMS 0x00000000e9f00000, 0x00000000e9f00000| Untracked 
| 160|0x00000000ea000000, 0x00000000ea000000, 0x00000000ea100000|  0%| F|  |TAMS 0x00000000ea000000, 0x00000000ea000000| Untracked 
| 161|0x00000000ea100000, 0x00000000ea200000, 0x00000000ea200000|100%| O|  |TAMS 0x00000000ea200000, 0x00000000ea200000| Untracked 
| 162|0x00000000ea200000, 0x00000000ea300000, 0x00000000ea300000|100%| O|  |TAMS 0x00000000ea300000, 0x00000000ea300000| Untracked 
| 163|0x00000000ea300000, 0x00000000ea300000, 0x00000000ea400000|  0%| F|  |TAMS 0x00000000ea300000, 0x00000000ea300000| Untracked 
| 164|0x00000000ea400000, 0x00000000ea400000, 0x00000000ea500000|  0%| F|  |TAMS 0x00000000ea400000, 0x00000000ea400000| Untracked 
| 165|0x00000000ea500000, 0x00000000ea500000, 0x00000000ea600000|  0%| F|  |TAMS 0x00000000ea500000, 0x00000000ea500000| Untracked 
| 166|0x00000000ea600000, 0x00000000ea600000, 0x00000000ea700000|  0%| F|  |TAMS 0x00000000ea600000, 0x00000000ea600000| Untracked 
| 167|0x00000000ea700000, 0x00000000ea700000, 0x00000000ea800000|  0%| F|  |TAMS 0x00000000ea700000, 0x00000000ea700000| Untracked 
| 168|0x00000000ea800000, 0x00000000ea800000, 0x00000000ea900000|  0%| F|  |TAMS 0x00000000ea800000, 0x00000000ea800000| Untracked 
| 169|0x00000000ea900000, 0x00000000ea900000, 0x00000000eaa00000|  0%| F|  |TAMS 0x00000000ea900000, 0x00000000ea900000| Untracked 
| 170|0x00000000eaa00000, 0x00000000eaa00000, 0x00000000eab00000|  0%| F|  |TAMS 0x00000000eaa00000, 0x00000000eaa00000| Untracked 
| 171|0x00000000eab00000, 0x00000000eab13e28, 0x00000000eac00000|  7%| S|CS|TAMS 0x00000000eab00000, 0x00000000eab00000| Complete 
| 172|0x00000000eac00000, 0x00000000ead00000, 0x00000000ead00000|100%| S|CS|TAMS 0x00000000eac00000, 0x00000000eac00000| Complete 
| 173|0x00000000ead00000, 0x00000000eae00000, 0x00000000eae00000|100%| S|CS|TAMS 0x00000000ead00000, 0x00000000ead00000| Complete 
| 174|0x00000000eae00000, 0x00000000eaf00000, 0x00000000eaf00000|100%| S|CS|TAMS 0x00000000eae00000, 0x00000000eae00000| Complete 
| 175|0x00000000eaf00000, 0x00000000eb000000, 0x00000000eb000000|100%| S|CS|TAMS 0x00000000eaf00000, 0x00000000eaf00000| Complete 
| 176|0x00000000eb000000, 0x00000000eb000000, 0x00000000eb100000|  0%| F|  |TAMS 0x00000000eb000000, 0x00000000eb000000| Untracked 
| 177|0x00000000eb100000, 0x00000000eb100000, 0x00000000eb200000|  0%| F|  |TAMS 0x00000000eb100000, 0x00000000eb100000| Untracked 
| 178|0x00000000eb200000, 0x00000000eb200000, 0x00000000eb300000|  0%| F|  |TAMS 0x00000000eb200000, 0x00000000eb200000| Untracked 
| 179|0x00000000eb300000, 0x00000000eb300000, 0x00000000eb400000|  0%| F|  |TAMS 0x00000000eb300000, 0x00000000eb300000| Untracked 
| 180|0x00000000eb400000, 0x00000000eb400000, 0x00000000eb500000|  0%| F|  |TAMS 0x00000000eb400000, 0x00000000eb400000| Untracked 
| 181|0x00000000eb500000, 0x00000000eb500000, 0x00000000eb600000|  0%| F|  |TAMS 0x00000000eb500000, 0x00000000eb500000| Untracked 
| 182|0x00000000eb600000, 0x00000000eb600000, 0x00000000eb700000|  0%| F|  |TAMS 0x00000000eb600000, 0x00000000eb600000| Untracked 
| 183|0x00000000eb700000, 0x00000000eb700000, 0x00000000eb800000|  0%| F|  |TAMS 0x00000000eb700000, 0x00000000eb700000| Untracked 
| 184|0x00000000eb800000, 0x00000000eb800000, 0x00000000eb900000|  0%| F|  |TAMS 0x00000000eb800000, 0x00000000eb800000| Untracked 
| 185|0x00000000eb900000, 0x00000000eb900000, 0x00000000eba00000|  0%| F|  |TAMS 0x00000000eb900000, 0x00000000eb900000| Untracked 
| 186|0x00000000eba00000, 0x00000000eba00000, 0x00000000ebb00000|  0%| F|  |TAMS 0x00000000eba00000, 0x00000000eba00000| Untracked 
| 187|0x00000000ebb00000, 0x00000000ebb00000, 0x00000000ebc00000|  0%| F|  |TAMS 0x00000000ebb00000, 0x00000000ebb00000| Untracked 
| 188|0x00000000ebc00000, 0x00000000ebc00000, 0x00000000ebd00000|  0%| F|  |TAMS 0x00000000ebc00000, 0x00000000ebc00000| Untracked 
| 189|0x00000000ebd00000, 0x00000000ebd00000, 0x00000000ebe00000|  0%| F|  |TAMS 0x00000000ebd00000, 0x00000000ebd00000| Untracked 
| 190|0x00000000ebe00000, 0x00000000ebe00000, 0x00000000ebf00000|  0%| F|  |TAMS 0x00000000ebe00000, 0x00000000ebe00000| Untracked 
| 191|0x00000000ebf00000, 0x00000000ebf00000, 0x00000000ec000000|  0%| F|  |TAMS 0x00000000ebf00000, 0x00000000ebf00000| Untracked 
| 192|0x00000000ec000000, 0x00000000ec000000, 0x00000000ec100000|  0%| F|  |TAMS 0x00000000ec000000, 0x00000000ec000000| Untracked 
| 193|0x00000000ec100000, 0x00000000ec100000, 0x00000000ec200000|  0%| F|  |TAMS 0x00000000ec100000, 0x00000000ec100000| Untracked 
| 194|0x00000000ec200000, 0x00000000ec200000, 0x00000000ec300000|  0%| F|  |TAMS 0x00000000ec200000, 0x00000000ec200000| Untracked 
| 195|0x00000000ec300000, 0x00000000ec300000, 0x00000000ec400000|  0%| F|  |TAMS 0x00000000ec300000, 0x00000000ec300000| Untracked 
| 196|0x00000000ec400000, 0x00000000ec400000, 0x00000000ec500000|  0%| F|  |TAMS 0x00000000ec400000, 0x00000000ec400000| Untracked 
| 197|0x00000000ec500000, 0x00000000ec500000, 0x00000000ec600000|  0%| F|  |TAMS 0x00000000ec500000, 0x00000000ec500000| Untracked 
| 198|0x00000000ec600000, 0x00000000ec600000, 0x00000000ec700000|  0%| F|  |TAMS 0x00000000ec600000, 0x00000000ec600000| Untracked 
| 199|0x00000000ec700000, 0x00000000ec700000, 0x00000000ec800000|  0%| F|  |TAMS 0x00000000ec700000, 0x00000000ec700000| Untracked 
| 200|0x00000000ec800000, 0x00000000ec800000, 0x00000000ec900000|  0%| F|  |TAMS 0x00000000ec800000, 0x00000000ec800000| Untracked 
| 201|0x00000000ec900000, 0x00000000ec900000, 0x00000000eca00000|  0%| F|  |TAMS 0x00000000ec900000, 0x00000000ec900000| Untracked 
| 202|0x00000000eca00000, 0x00000000eca00000, 0x00000000ecb00000|  0%| F|  |TAMS 0x00000000eca00000, 0x00000000eca00000| Untracked 
| 203|0x00000000ecb00000, 0x00000000ecb00000, 0x00000000ecc00000|  0%| F|  |TAMS 0x00000000ecb00000, 0x00000000ecb00000| Untracked 
| 204|0x00000000ecc00000, 0x00000000ecc00000, 0x00000000ecd00000|  0%| F|  |TAMS 0x00000000ecc00000, 0x00000000ecc00000| Untracked 
| 205|0x00000000ecd00000, 0x00000000ecd00000, 0x00000000ece00000|  0%| F|  |TAMS 0x00000000ecd00000, 0x00000000ecd00000| Untracked 
| 206|0x00000000ece00000, 0x00000000ece00000, 0x00000000ecf00000|  0%| F|  |TAMS 0x00000000ece00000, 0x00000000ece00000| Untracked 
| 207|0x00000000ecf00000, 0x00000000ecf00000, 0x00000000ed000000|  0%| F|  |TAMS 0x00000000ecf00000, 0x00000000ecf00000| Untracked 
| 208|0x00000000ed000000, 0x00000000ed000000, 0x00000000ed100000|  0%| F|  |TAMS 0x00000000ed000000, 0x00000000ed000000| Untracked 
| 209|0x00000000ed100000, 0x00000000ed100000, 0x00000000ed200000|  0%| F|  |TAMS 0x00000000ed100000, 0x00000000ed100000| Untracked 
| 210|0x00000000ed200000, 0x00000000ed200000, 0x00000000ed300000|  0%| F|  |TAMS 0x00000000ed200000, 0x00000000ed200000| Untracked 
| 211|0x00000000ed300000, 0x00000000ed300000, 0x00000000ed400000|  0%| F|  |TAMS 0x00000000ed300000, 0x00000000ed300000| Untracked 
| 212|0x00000000ed400000, 0x00000000ed480800, 0x00000000ed500000| 50%| E|  |TAMS 0x00000000ed400000, 0x00000000ed400000| Complete 
| 213|0x00000000ed500000, 0x00000000ed600000, 0x00000000ed600000|100%| E|CS|TAMS 0x00000000ed500000, 0x00000000ed500000| Complete 
| 214|0x00000000ed600000, 0x00000000ed700000, 0x00000000ed700000|100%| E|CS|TAMS 0x00000000ed600000, 0x00000000ed600000| Complete 
| 215|0x00000000ed700000, 0x00000000ed800000, 0x00000000ed800000|100%| E|CS|TAMS 0x00000000ed700000, 0x00000000ed700000| Complete 
| 216|0x00000000ed800000, 0x00000000ed900000, 0x00000000ed900000|100%| E|CS|TAMS 0x00000000ed800000, 0x00000000ed800000| Complete 
| 217|0x00000000ed900000, 0x00000000eda00000, 0x00000000eda00000|100%| E|CS|TAMS 0x00000000ed900000, 0x00000000ed900000| Complete 
| 218|0x00000000eda00000, 0x00000000edb00000, 0x00000000edb00000|100%| E|CS|TAMS 0x00000000eda00000, 0x00000000eda00000| Complete 
| 219|0x00000000edb00000, 0x00000000edc00000, 0x00000000edc00000|100%| E|  |TAMS 0x00000000edb00000, 0x00000000edb00000| Complete 
| 220|0x00000000edc00000, 0x00000000edd00000, 0x00000000edd00000|100%| E|CS|TAMS 0x00000000edc00000, 0x00000000edc00000| Complete 
| 221|0x00000000edd00000, 0x00000000ede00000, 0x00000000ede00000|100%| E|CS|TAMS 0x00000000edd00000, 0x00000000edd00000| Complete 
| 222|0x00000000ede00000, 0x00000000edf00000, 0x00000000edf00000|100%| E|CS|TAMS 0x00000000ede00000, 0x00000000ede00000| Complete 
| 223|0x00000000edf00000, 0x00000000ee000000, 0x00000000ee000000|100%| E|CS|TAMS 0x00000000edf00000, 0x00000000edf00000| Complete 
| 224|0x00000000ee000000, 0x00000000ee100000, 0x00000000ee100000|100%| E|CS|TAMS 0x00000000ee000000, 0x00000000ee000000| Complete 
| 225|0x00000000ee100000, 0x00000000ee200000, 0x00000000ee200000|100%| E|CS|TAMS 0x00000000ee100000, 0x00000000ee100000| Complete 
| 226|0x00000000ee200000, 0x00000000ee300000, 0x00000000ee300000|100%| E|CS|TAMS 0x00000000ee200000, 0x00000000ee200000| Complete 
| 227|0x00000000ee300000, 0x00000000ee400000, 0x00000000ee400000|100%| E|CS|TAMS 0x00000000ee300000, 0x00000000ee300000| Complete 
| 228|0x00000000ee400000, 0x00000000ee500000, 0x00000000ee500000|100%| E|CS|TAMS 0x00000000ee400000, 0x00000000ee400000| Complete 
| 229|0x00000000ee500000, 0x00000000ee600000, 0x00000000ee600000|100%| E|CS|TAMS 0x00000000ee500000, 0x00000000ee500000| Complete 
| 230|0x00000000ee600000, 0x00000000ee700000, 0x00000000ee700000|100%| E|CS|TAMS 0x00000000ee600000, 0x00000000ee600000| Complete 
| 231|0x00000000ee700000, 0x00000000ee800000, 0x00000000ee800000|100%| E|CS|TAMS 0x00000000ee700000, 0x00000000ee700000| Complete 
| 232|0x00000000ee800000, 0x00000000ee900000, 0x00000000ee900000|100%| E|CS|TAMS 0x00000000ee800000, 0x00000000ee800000| Complete 
| 233|0x00000000ee900000, 0x00000000eea00000, 0x00000000eea00000|100%| E|CS|TAMS 0x00000000ee900000, 0x00000000ee900000| Complete 
| 234|0x00000000eea00000, 0x00000000eeb00000, 0x00000000eeb00000|100%| E|CS|TAMS 0x00000000eea00000, 0x00000000eea00000| Complete 
| 235|0x00000000eeb00000, 0x00000000eec00000, 0x00000000eec00000|100%| E|CS|TAMS 0x00000000eeb00000, 0x00000000eeb00000| Complete 
| 236|0x00000000eec00000, 0x00000000eed00000, 0x00000000eed00000|100%| E|CS|TAMS 0x00000000eec00000, 0x00000000eec00000| Complete 
| 237|0x00000000eed00000, 0x00000000eee00000, 0x00000000eee00000|100%| E|CS|TAMS 0x00000000eed00000, 0x00000000eed00000| Complete 
| 238|0x00000000eee00000, 0x00000000eef00000, 0x00000000eef00000|100%| E|CS|TAMS 0x00000000eee00000, 0x00000000eee00000| Complete 
| 239|0x00000000eef00000, 0x00000000ef000000, 0x00000000ef000000|100%| E|CS|TAMS 0x00000000eef00000, 0x00000000eef00000| Complete 
| 240|0x00000000ef000000, 0x00000000ef100000, 0x00000000ef100000|100%| E|CS|TAMS 0x00000000ef000000, 0x00000000ef000000| Complete 
| 241|0x00000000ef100000, 0x00000000ef200000, 0x00000000ef200000|100%| E|CS|TAMS 0x00000000ef100000, 0x00000000ef100000| Complete 
| 242|0x00000000ef200000, 0x00000000ef300000, 0x00000000ef300000|100%| E|CS|TAMS 0x00000000ef200000, 0x00000000ef200000| Complete 
| 243|0x00000000ef300000, 0x00000000ef400000, 0x00000000ef400000|100%| E|CS|TAMS 0x00000000ef300000, 0x00000000ef300000| Complete 
| 244|0x00000000ef400000, 0x00000000ef500000, 0x00000000ef500000|100%| E|CS|TAMS 0x00000000ef400000, 0x00000000ef400000| Complete 
| 245|0x00000000ef500000, 0x00000000ef600000, 0x00000000ef600000|100%| E|CS|TAMS 0x00000000ef500000, 0x00000000ef500000| Complete 
| 246|0x00000000ef600000, 0x00000000ef700000, 0x00000000ef700000|100%| E|CS|TAMS 0x00000000ef600000, 0x00000000ef600000| Complete 
| 247|0x00000000ef700000, 0x00000000ef800000, 0x00000000ef800000|100%| E|CS|TAMS 0x00000000ef700000, 0x00000000ef700000| Complete 
| 248|0x00000000ef800000, 0x00000000ef900000, 0x00000000ef900000|100%| E|CS|TAMS 0x00000000ef800000, 0x00000000ef800000| Complete 
| 249|0x00000000ef900000, 0x00000000efa00000, 0x00000000efa00000|100%| E|CS|TAMS 0x00000000ef900000, 0x00000000ef900000| Complete 
| 250|0x00000000efa00000, 0x00000000efb00000, 0x00000000efb00000|100%| E|CS|TAMS 0x00000000efa00000, 0x00000000efa00000| Complete 
| 251|0x00000000efb00000, 0x00000000efc00000, 0x00000000efc00000|100%| E|CS|TAMS 0x00000000efb00000, 0x00000000efb00000| Complete 
| 252|0x00000000efc00000, 0x00000000efd00000, 0x00000000efd00000|100%| E|CS|TAMS 0x00000000efc00000, 0x00000000efc00000| Complete 
| 253|0x00000000efd00000, 0x00000000efe00000, 0x00000000efe00000|100%| E|CS|TAMS 0x00000000efd00000, 0x00000000efd00000| Complete 
| 254|0x00000000efe00000, 0x00000000eff00000, 0x00000000eff00000|100%| E|CS|TAMS 0x00000000efe00000, 0x00000000efe00000| Complete 
| 255|0x00000000eff00000, 0x00000000f0000000, 0x00000000f0000000|100%| E|CS|TAMS 0x00000000eff00000, 0x00000000eff00000| Complete 

Card table byte_map: [0x00000270719d0000,0x0000027071ad0000] _byte_map_base: 0x00000270712d0000

Marking Bits (Prev, Next): (CMBitMap*) 0x0000027059bc37b0, (CMBitMap*) 0x0000027059bc3778
 Prev Bits: [0x00000270723d0000, 0x0000027072bd0000)
 Next Bits: [0x0000027071bd0000, 0x00000270723d0000)

Polling page: 0x00000270582f0000

Metaspace:

Usage:
  Non-class:     91.18 MB capacity,    88.94 MB ( 98%) used,     1.87 MB (  2%) free+waste,   382.00 KB ( <1%) overhead. 
      Class:     13.30 MB capacity,    12.12 MB ( 91%) used,     1.02 MB (  8%) free+waste,   168.00 KB (  1%) overhead. 
       Both:    104.48 MB capacity,   101.06 MB ( 97%) used,     2.89 MB (  3%) free+waste,   550.00 KB ( <1%) overhead. 

Virtual space:
  Non-class space:       96.00 MB reserved,      94.74 MB ( 99%) committed 
      Class space:      248.00 MB reserved,      14.00 MB (  6%) committed 
             Both:      344.00 MB reserved,     108.74 MB ( 32%) committed 

Chunk freelists:
   Non-Class:  3.56 MB
       Class:  716.00 KB
        Both:  4.26 MB

MaxMetaspaceSize: 256.00 MB
CompressedClassSpaceSize: 248.00 MB

CodeHeap 'non-profiled nmethods': size=120064Kb used=21945Kb max_used=22316Kb free=98118Kb
 bounds [0x0000027069d70000, 0x000002706b350000, 0x00000270712b0000]
CodeHeap 'profiled nmethods': size=120000Kb used=46968Kb max_used=48745Kb free=73031Kb
 bounds [0x0000027062840000, 0x0000027065820000, 0x0000027069d70000]
CodeHeap 'non-nmethods': size=5696Kb used=2322Kb max_used=2397Kb free=3373Kb
 bounds [0x00000270622b0000, 0x0000027062520000, 0x0000027062840000]
 total_blobs=22149 nmethods=21210 adapters=849
 compilation: enabled
              stopped_count=0, restarted_count=0
 full_count=0

Compilation events (20 events):
Event: 28643.239 Thread 0x000002707ab11800 27492   !   4       org.gradle.api.internal.attributes.DefaultImmutableAttributesFactory::doConcatIsolatable (128 bytes)
Event: 28643.282 Thread 0x00000270751fd800 27502       1       org.gradle.api.tasks.compile.CompileOptions::getAnnotationProcessorPath (5 bytes)
Event: 28643.282 Thread 0x00000270751fd800 nmethod 27502 0x0000027069e24410 code [0x0000027069e245c0, 0x0000027069e24678]
Event: 28643.282 Thread 0x00000270751fd800 27503       1       org.gradle.api.internal.tasks.DefaultSourceSet::getAnnotationProcessorPath (5 bytes)
Event: 28643.282 Thread 0x00000270751fd800 nmethod 27503 0x0000027069ed5690 code [0x0000027069ed5840, 0x0000027069ed58f8]
Event: 28643.283 Thread 0x00000270751fd800 27504       3       com.google.common.io.Closer::register (16 bytes)
Event: 28643.283 Thread 0x00000270751fd800 nmethod 27504 0x0000027062b98110 code [0x0000027062b982c0, 0x0000027062b984c8]
Event: 28643.330 Thread 0x000002707ab11800 nmethod 27492 0x000002706a5f6710 code [0x000002706a5f69e0, 0x000002706a5f8ba0]
Event: 28643.341 Thread 0x00000270751fd800 27505   !   3       com.sun.tools.javac.file.FSInfo::getJarClassPath (208 bytes)
Event: 28643.342 Thread 0x000002707ab11800 27506 %     4       java.util.zip.ZipFile$Source::initCEN @ 223 (658 bytes)
Event: 28643.343 Thread 0x00000270751fd800 nmethod 27505 0x0000027063af9f90 code [0x0000027063afa3e0, 0x0000027063afc108]
Event: 28643.412 Thread 0x000002707ab11800 nmethod 27506% 0x000002706a5f3a90 code [0x000002706a5f3ce0, 0x000002706a5f56d8]
Event: 28643.435 Thread 0x000002707ab11800 27507       4       java.util.zip.ZipFile$Source::initCEN (658 bytes)
Event: 28643.509 Thread 0x00000270751f9000 nmethod 27484 0x000002706adbe910 code [0x000002706adbf200, 0x000002706adc6eb8]
Event: 28643.560 Thread 0x000002707ab11800 nmethod 27507 0x000002706a754710 code [0x000002706a7549e0, 0x000002706a7571a0]
Event: 28643.572 Thread 0x00000270751f9000 27508       4       java.util.Hashtable::<init> (114 bytes)
Event: 28643.575 Thread 0x00000270751f9000 nmethod 27508 0x0000027069f0ec10 code [0x0000027069f0ede0, 0x0000027069f0f1d8]
Event: 28643.622 Thread 0x00000270751fd800 27509       3       com.sun.tools.javac.code.Type$JCPrimitiveType::<init> (19 bytes)
Event: 28643.623 Thread 0x00000270751fd800 nmethod 27509 0x0000027062ebbf90 code [0x0000027062ebc1c0, 0x0000027062ebc898]
Event: 28643.629 Thread 0x000002707ab11800 27510       4       com.sun.tools.javac.parser.JavacParser::toP (9 bytes)

GC Heap History (20 events):
Event: 23899.335 GC heap before
{Heap before GC invocations=164 (full 0):
 garbage-first heap   total 262144K, used 141501K [0x00000000e0000000, 0x0000000100000000)
  region size 1024K, 28 young (28672K), 1 survivors (1024K)
 Metaspace       used 103255K, capacity 106768K, committed 110840K, reserved 352256K
  class space    used 12391K, capacity 13599K, committed 14336K, reserved 253952K
}
Event: 23899.342 GC heap after
{Heap after GC invocations=165 (full 0):
 garbage-first heap   total 262144K, used 116595K [0x00000000e0000000, 0x0000000100000000)
  region size 1024K, 2 young (2048K), 2 survivors (2048K)
 Metaspace       used 103255K, capacity 106768K, committed 110840K, reserved 352256K
  class space    used 12391K, capacity 13599K, committed 14336K, reserved 253952K
}
Event: 25319.929 GC heap before
{Heap before GC invocations=166 (full 0):
 garbage-first heap   total 262144K, used 216947K [0x00000000e0000000, 0x0000000100000000)
  region size 1024K, 101 young (103424K), 2 survivors (2048K)
 Metaspace       used 103270K, capacity 106672K, committed 110840K, reserved 352256K
  class space    used 12386K, capacity 13587K, committed 14336K, reserved 253952K
}
Event: 25319.937 GC heap after
{Heap after GC invocations=167 (full 0):
 garbage-first heap   total 262144K, used 121586K [0x00000000e0000000, 0x0000000100000000)
  region size 1024K, 7 young (7168K), 7 survivors (7168K)
 Metaspace       used 103270K, capacity 106672K, committed 110840K, reserved 352256K
  class space    used 12386K, capacity 13587K, committed 14336K, reserved 253952K
}
Event: 25319.993 GC heap before
{Heap before GC invocations=167 (full 0):
 garbage-first heap   total 262144K, used 126706K [0x00000000e0000000, 0x0000000100000000)
  region size 1024K, 12 young (12288K), 7 survivors (7168K)
 Metaspace       used 103294K, capacity 106696K, committed 110840K, reserved 352256K
  class space    used 12391K, capacity 13595K, committed 14336K, reserved 253952K
}
Event: 25320.014 GC heap after
{Heap after GC invocations=168 (full 0):
 garbage-first heap   total 262144K, used 109055K [0x00000000e0000000, 0x0000000100000000)
  region size 1024K, 2 young (2048K), 2 survivors (2048K)
 Metaspace       used 103294K, capacity 106696K, committed 110840K, reserved 352256K
  class space    used 12391K, capacity 13595K, committed 14336K, reserved 253952K
}
Event: 25320.712 GC heap before
{Heap before GC invocations=168 (full 0):
 garbage-first heap   total 262144K, used 197119K [0x00000000e0000000, 0x0000000100000000)
  region size 1024K, 90 young (92160K), 2 survivors (2048K)
 Metaspace       used 103335K, capacity 106714K, committed 110840K, reserved 352256K
  class space    used 12397K, capacity 13601K, committed 14336K, reserved 253952K
}
Event: 25320.728 GC heap after
{Heap after GC invocations=169 (full 0):
 garbage-first heap   total 262144K, used 113219K [0x00000000e0000000, 0x0000000100000000)
  region size 1024K, 6 young (6144K), 6 survivors (6144K)
 Metaspace       used 103335K, capacity 106714K, committed 110840K, reserved 352256K
  class space    used 12397K, capacity 13601K, committed 14336K, reserved 253952K
}
Event: 25321.076 GC heap before
{Heap before GC invocations=170 (full 0):
 garbage-first heap   total 262144K, used 216643K [0x00000000e0000000, 0x0000000100000000)
  region size 1024K, 106 young (108544K), 6 survivors (6144K)
 Metaspace       used 103180K, capacity 106480K, committed 110840K, reserved 352256K
  class space    used 12364K, capacity 13543K, committed 14336K, reserved 253952K
}
Event: 25321.089 GC heap after
{Heap after GC invocations=171 (full 0):
 garbage-first heap   total 262144K, used 122613K [0x00000000e0000000, 0x0000000100000000)
  region size 1024K, 14 young (14336K), 14 survivors (14336K)
 Metaspace       used 103180K, capacity 106480K, committed 110840K, reserved 352256K
  class space    used 12364K, capacity 13543K, committed 14336K, reserved 253952K
}
Event: 25321.106 GC heap before
{Heap before GC invocations=171 (full 0):
 garbage-first heap   total 262144K, used 122613K [0x00000000e0000000, 0x0000000100000000)
  region size 1024K, 15 young (15360K), 14 survivors (14336K)
 Metaspace       used 103180K, capacity 106480K, committed 110840K, reserved 352256K
  class space    used 12364K, capacity 13543K, committed 14336K, reserved 253952K
}
Event: 25321.121 GC heap after
{Heap after GC invocations=172 (full 0):
 garbage-first heap   total 262144K, used 113958K [0x00000000e0000000, 0x0000000100000000)
  region size 1024K, 2 young (2048K), 2 survivors (2048K)
 Metaspace       used 103180K, capacity 106480K, committed 110840K, reserved 352256K
  class space    used 12364K, capacity 13543K, committed 14336K, reserved 253952K
}
Event: 25321.891 GC heap before
{Heap before GC invocations=172 (full 0):
 garbage-first heap   total 262144K, used 214310K [0x00000000e0000000, 0x0000000100000000)
  region size 1024K, 100 young (102400K), 2 survivors (2048K)
 Metaspace       used 107408K, capacity 110855K, committed 111352K, reserved 352256K
  class space    used 12930K, capacity 14193K, committed 14336K, reserved 253952K
}
Event: 25321.903 GC heap after
{Heap after GC invocations=173 (full 0):
 garbage-first heap   total 262144K, used 119232K [0x00000000e0000000, 0x0000000100000000)
  region size 1024K, 8 young (8192K), 8 survivors (8192K)
 Metaspace       used 107408K, capacity 110855K, committed 111352K, reserved 352256K
  class space    used 12930K, capacity 14193K, committed 14336K, reserved 253952K
}
Event: 28642.114 GC heap before
{Heap before GC invocations=174 (full 0):
 garbage-first heap   total 262144K, used 213440K [0x00000000e0000000, 0x0000000100000000)
  region size 1024K, 101 young (103424K), 8 survivors (8192K)
 Metaspace       used 103445K, capacity 106909K, committed 111352K, reserved 352256K
  class space    used 12405K, capacity 13614K, committed 14336K, reserved 253952K
}
Event: 28642.130 GC heap after
{Heap after GC invocations=175 (full 0):
 garbage-first heap   total 262144K, used 122996K [0x00000000e0000000, 0x0000000100000000)
  region size 1024K, 4 young (4096K), 4 survivors (4096K)
 Metaspace       used 103445K, capacity 106909K, committed 111352K, reserved 352256K
  class space    used 12405K, capacity 13614K, committed 14336K, reserved 253952K
}
Event: 28642.297 GC heap before
{Heap before GC invocations=175 (full 0):
 garbage-first heap   total 262144K, used 130164K [0x00000000e0000000, 0x0000000100000000)
  region size 1024K, 12 young (12288K), 4 survivors (4096K)
 Metaspace       used 103446K, capacity 106909K, committed 111352K, reserved 352256K
  class space    used 12405K, capacity 13614K, committed 14336K, reserved 253952K
}
Event: 28642.310 GC heap after
{Heap after GC invocations=176 (full 0):
 garbage-first heap   total 262144K, used 123374K [0x00000000e0000000, 0x0000000100000000)
  region size 1024K, 2 young (2048K), 2 survivors (2048K)
 Metaspace       used 103446K, capacity 106909K, committed 111352K, reserved 352256K
  class space    used 12405K, capacity 13614K, committed 14336K, reserved 253952K
}
Event: 28643.359 GC heap before
{Heap before GC invocations=176 (full 0):
 garbage-first heap   total 262144K, used 202222K [0x00000000e0000000, 0x0000000100000000)
  region size 1024K, 80 young (81920K), 2 survivors (2048K)
 Metaspace       used 103454K, capacity 106917K, committed 111352K, reserved 352256K
  class space    used 12406K, capacity 13616K, committed 14336K, reserved 253952K
}
Event: 28643.371 GC heap after
{Heap after GC invocations=177 (full 0):
 garbage-first heap   total 262144K, used 126310K [0x00000000e0000000, 0x0000000100000000)
  region size 1024K, 5 young (5120K), 5 survivors (5120K)
 Metaspace       used 103454K, capacity 106917K, committed 111352K, reserved 352256K
  class space    used 12406K, capacity 13616K, committed 14336K, reserved 253952K
}

Deoptimization events (20 events):
Event: 25321.821 Thread 0x000002707ae59000 DEOPT PACKING pc=0x000002706aca7d44 sp=0x000000aa156f5520
Event: 25321.821 Thread 0x000002707ae59000 DEOPT UNPACKING pc=0x00000270622d662f sp=0x000000aa156f5540 mode 2
Event: 25321.921 Thread 0x000002707ae59000 Uncommon trap: trap_request=0xffffffde fr.pc=0x000002706b201b28 relative=0x00000000000032a8
Event: 25321.921 Thread 0x000002707ae59000 Uncommon trap: reason=class_check action=maybe_recompile pc=0x000002706b201b28 method=com.sun.tools.javac.code.Types.capture(Lcom/sun/tools/javac/code/Type;)Lcom/sun/tools/javac/code/Type; @ 181 c2
Event: 25321.921 Thread 0x000002707ae59000 DEOPT PACKING pc=0x000002706b201b28 sp=0x000000aa156f5380
Event: 25321.921 Thread 0x000002707ae59000 DEOPT UNPACKING pc=0x00000270622d662f sp=0x000000aa156f5360 mode 2
Event: 25322.047 Thread 0x000002707ae65000 Uncommon trap: trap_request=0xffffffd6 fr.pc=0x000002706b2cde24 relative=0x0000000000001804
Event: 25322.047 Thread 0x000002707ae65000 Uncommon trap: reason=array_check action=maybe_recompile pc=0x000002706b2cde24 method=java.util.ComparableTimSort.reverseRange([Ljava/lang/Object;II)V @ 27 c2
Event: 25322.047 Thread 0x000002707ae65000 DEOPT PACKING pc=0x000002706b2cde24 sp=0x000000aa15afcdd0
Event: 25322.047 Thread 0x000002707ae65000 DEOPT UNPACKING pc=0x00000270622d662f sp=0x000000aa15afcc88 mode 2
Event: 25322.048 Thread 0x000002707ae65000 Uncommon trap: trap_request=0xffffffd6 fr.pc=0x000002706b2cde24 relative=0x0000000000001804
Event: 25322.048 Thread 0x000002707ae65000 Uncommon trap: reason=array_check action=maybe_recompile pc=0x000002706b2cde24 method=java.util.ComparableTimSort.reverseRange([Ljava/lang/Object;II)V @ 27 c2
Event: 25322.048 Thread 0x000002707ae65000 DEOPT PACKING pc=0x000002706b2cde24 sp=0x000000aa15afcf50
Event: 25322.048 Thread 0x000002707ae65000 DEOPT UNPACKING pc=0x00000270622d662f sp=0x000000aa15afce08 mode 2
Event: 28641.970 Thread 0x0000027078858000 DEOPT PACKING pc=0x000002706b25c1d8 sp=0x000000aa156f9470
Event: 28641.970 Thread 0x0000027078858000 DEOPT UNPACKING pc=0x00000270622d6dde sp=0x000000aa156f8988 mode 0
Event: 28643.169 Thread 0x0000027078858000 DEOPT PACKING pc=0x0000027062a2c43a sp=0x000000aa156f83a0
Event: 28643.170 Thread 0x0000027078858000 DEOPT UNPACKING pc=0x00000270622d6dde sp=0x000000aa156f7940 mode 0
Event: 28643.416 Thread 0x0000027077c55800 DEOPT PACKING pc=0x0000027063a21d2c sp=0x000000aa15ffec90
Event: 28643.416 Thread 0x0000027077c55800 DEOPT UNPACKING pc=0x00000270622d6dde sp=0x000000aa15ffe188 mode 0

Classes redefined (0 events):
No events

Internal exceptions (20 events):
Event: 25321.971 Thread 0x000002707ae59000 Exception <a 'sun/nio/fs/WindowsException'{0x00000000efe7acc0}> (0x00000000efe7acc0) thrown at [./src/hotspot/share/prims/jni.cpp, line 615]
Event: 25321.986 Thread 0x000002707ae59000 Exception <a 'sun/nio/fs/WindowsException'{0x00000000efeaa8f8}> (0x00000000efeaa8f8) thrown at [./src/hotspot/share/prims/jni.cpp, line 615]
Event: 25322.047 Thread 0x000002707ae65000 Exception <a 'java/lang/NoSuchMethodError'{0x00000000efa0c198}: <clinit>> (0x00000000efa0c198) thrown at [./src/hotspot/share/prims/jni.cpp, line 1362]
Event: 25322.049 Thread 0x000002707ae65000 Exception <a 'java/lang/NoSuchMethodError'{0x00000000efa3c7f0}: <clinit>> (0x00000000efa3c7f0) thrown at [./src/hotspot/share/prims/jni.cpp, line 1362]
Event: 25322.049 Thread 0x000002707ae65000 Exception <a 'java/lang/NoSuchMethodError'{0x00000000efa3dfc0}: <clinit>> (0x00000000efa3dfc0) thrown at [./src/hotspot/share/prims/jni.cpp, line 1362]
Event: 25322.049 Thread 0x000002707ae65000 Exception <a 'java/lang/NoSuchMethodError'{0x00000000efa3f198}: <clinit>> (0x00000000efa3f198) thrown at [./src/hotspot/share/prims/jni.cpp, line 1362]
Event: 25322.049 Thread 0x000002707ae65000 Exception <a 'java/lang/NoSuchMethodError'{0x00000000efa40970}: <clinit>> (0x00000000efa40970) thrown at [./src/hotspot/share/prims/jni.cpp, line 1362]
Event: 25322.051 Thread 0x000002707ae65000 Exception <a 'java/lang/NoSuchMethodError'{0x00000000efa67d40}: <clinit>> (0x00000000efa67d40) thrown at [./src/hotspot/share/prims/jni.cpp, line 1362]
Event: 25322.052 Thread 0x000002707ae65000 Exception <a 'java/lang/NoSuchMethodError'{0x00000000efa85d50}: <clinit>> (0x00000000efa85d50) thrown at [./src/hotspot/share/prims/jni.cpp, line 1362]
Event: 28641.724 Thread 0x000002707885c000 Exception <a 'java/lang/NoSuchMethodError'{0x00000000ebe07cf0}: <clinit>> (0x00000000ebe07cf0) thrown at [./src/hotspot/share/prims/jni.cpp, line 1362]
Event: 28641.725 Thread 0x000002707885c000 Exception <a 'java/lang/NoSuchMethodError'{0x00000000ebe103b0}: <clinit>> (0x00000000ebe103b0) thrown at [./src/hotspot/share/prims/jni.cpp, line 1362]
Event: 28641.726 Thread 0x000002707885c000 Exception <a 'java/lang/NoSuchMethodError'{0x00000000ebe197d8}: <clinit>> (0x00000000ebe197d8) thrown at [./src/hotspot/share/prims/jni.cpp, line 1362]
Event: 28641.730 Thread 0x000002707885c000 Exception <a 'java/lang/NoSuchMethodError'{0x00000000ebe50d18}: <clinit>> (0x00000000ebe50d18) thrown at [./src/hotspot/share/prims/jni.cpp, line 1362]
Event: 28641.731 Thread 0x000002707885c000 Exception <a 'java/lang/NoSuchMethodError'{0x00000000ebe684a8}: <clinit>> (0x00000000ebe684a8) thrown at [./src/hotspot/share/prims/jni.cpp, line 1362]
Event: 28641.734 Thread 0x000002707885c000 Exception <a 'java/lang/NoSuchMethodError'{0x00000000ebe926e0}: <clinit>> (0x00000000ebe926e0) thrown at [./src/hotspot/share/prims/jni.cpp, line 1362]
Event: 28641.802 Thread 0x0000027078858000 Exception <a 'java/lang/ClassNotFoundException'{0x00000000eba00200}: Build_platzi_market_4uwlxfvinz7fzcpx871sv1ptpBeanInfo> (0x00000000eba00200) thrown at [./src/hotspot/share/classfile/systemDictionary.cpp, line 231]
Event: 28641.802 Thread 0x0000027078858000 Exception <a 'java/lang/ClassNotFoundException'{0x00000000eba0c5f0}: Build_platzi_market_4uwlxfvinz7fzcpx871sv1ptpCustomizer> (0x00000000eba0c5f0) thrown at [./src/hotspot/share/classfile/systemDictionary.cpp, line 231]
Event: 28641.855 Thread 0x0000027078858000 Exception <a 'java/lang/NoSuchMethodError'{0x00000000eb71b2f0}: 'java.lang.Object java.lang.invoke.DelegatingMethodHandle$Holder.reinvoke_L(java.lang.Object, java.lang.Object, java.lang.Object, java.lang.Object, java.lang.Object, java.lang.Object, java.lang.Object, java.lang.Object, java.lang.Object, java.lang.Object, java.lang.Object, java.lang.Object, java.lang.Object, java.lang.Object, java.lang.Object, java.lang.Object, java.lang.Object, java.lang.Object, java.lang.Object, java.lang.Object, java.lang.O
Event: 28641.857 Thread 0x0000027078858000 Exception <a 'java/lang/NoSuchMethodError'{0x00000000eb7b7758}: 'java.lang.Object java.lang.invoke.DelegatingMethodHandle$Holder.reinvoke_L(java.lang.Object, java.lang.Object, java.lang.Object, java.lang.Object, java.lang.Object, java.lang.Object, java.lang.Object, java.lang.Object, java.lang.Object, java.lang.Object, java.lang.Object, java.lang.Object, java.lang.Object, java.lang.Object, java.lang.Object, java.lang.Object, java.lang.Object, java.lang.Object, java.lang.Object, java.lang.Object)'> (0x000000
Event: 28641.884 Thread 0x0000027078858000 Exception <a 'java/lang/NoClassDefFoundError'{0x00000000eb4a82f8}: org/jetbrains/kotlin/gradle/plugin/KotlinPluginWrapper> (0x00000000eb4a82f8) thrown at [./src/hotspot/share/oops/constantPool.cpp, line 775]

Events (20 events):
Event: 28642.004 loading class groovy/runtime/metaclass/java/lang/BooleanMetaClass
Event: 28642.004 loading class groovy/runtime/metaclass/java/lang/BooleanMetaClass done
Event: 28642.114 Executing VM operation: G1CollectForAllocation
Event: 28642.130 Executing VM operation: G1CollectForAllocation done
Event: 28642.269 loading class org/gradle/api/internal/provider/ValueSupplier$1
Event: 28642.269 loading class org/gradle/api/internal/provider/ValueSupplier$1 done
Event: 28642.297 Executing VM operation: G1CollectForAllocation
Event: 28642.310 Executing VM operation: G1CollectForAllocation done
Event: 28643.285 Thread 0x000002707ae66800 Thread added: 0x000002707ae66800
Event: 28643.359 Executing VM operation: G1CollectForAllocation
Event: 28643.371 Executing VM operation: G1CollectForAllocation done
Event: 28643.620 loading class org/mapstruct/ap/MappingProcessor
Event: 28643.620 loading class org/mapstruct/ap/MappingProcessor done
Event: 28643.622 loading class org/mapstruct/ap/internal/util/AnnotationProcessingException
Event: 28643.622 loading class org/mapstruct/ap/internal/util/AnnotationProcessingException done
Event: 28643.622 loading class org/mapstruct/ap/spi/TypeHierarchyErroneousException
Event: 28643.622 loading class org/mapstruct/ap/spi/TypeHierarchyErroneousException done
Event: 28643.622 loading class org/mapstruct/ap/internal/processor/ModelElementProcessor$ProcessorContext
Event: 28643.622 loading class org/mapstruct/ap/internal/processor/ModelElementProcessor$ProcessorContext done
Event: 28643.632 Executing VM operation: CGC_Operation


Dynamic libraries:
0x00007ff6d4490000 - 0x00007ff6d449d000 	C:\Program Files\AdoptOpenJDK\jdk-11.0.11.9-hotspot\bin\java.exe
0x00007ffea1470000 - 0x00007ffea1665000 	C:\Windows\SYSTEM32\ntdll.dll
0x00007ffea1110000 - 0x00007ffea11cd000 	C:\Windows\System32\KERNEL32.DLL
0x00007ffe9eef0000 - 0x00007ffe9f1b8000 	C:\Windows\System32\KERNELBASE.dll
0x00007ffe9ec80000 - 0x00007ffe9ed80000 	C:\Windows\System32\ucrtbase.dll
0x00007ffe425b0000 - 0x00007ffe425c7000 	C:\Program Files\AdoptOpenJDK\jdk-11.0.11.9-hotspot\bin\jli.dll
0x00007ffe9f510000 - 0x00007ffe9f6b0000 	C:\Windows\System32\USER32.dll
0x00007ffe3fbc0000 - 0x00007ffe3fbd5000 	C:\Program Files\AdoptOpenJDK\jdk-11.0.11.9-hotspot\bin\VCRUNTIME140.dll
0x00007ffe9f250000 - 0x00007ffe9f272000 	C:\Windows\System32\win32u.dll
0x00007ffe9f4e0000 - 0x00007ffe9f50a000 	C:\Windows\System32\GDI32.dll
0x00007ffe87e20000 - 0x00007ffe880ba000 	C:\Windows\WinSxS\amd64_microsoft.windows.common-controls_6595b64144ccf1df_6.0.19041.1052_none_60b8f8fd71f5e8cb\COMCTL32.dll
0x00007ffe9ede0000 - 0x00007ffe9eeeb000 	C:\Windows\System32\gdi32full.dll
0x00007ffea0b40000 - 0x00007ffea0bde000 	C:\Windows\System32\msvcrt.dll
0x00007ffe9ebb0000 - 0x00007ffe9ec4d000 	C:\Windows\System32\msvcp_win.dll
0x00007ffea0fd0000 - 0x00007ffea1000000 	C:\Windows\System32\IMM32.DLL
0x00007ffe37330000 - 0x00007ffe373cb000 	C:\Program Files\AdoptOpenJDK\jdk-11.0.11.9-hotspot\bin\msvcp140.dll
0x00007ffe34f00000 - 0x00007ffe35a4b000 	C:\Program Files\AdoptOpenJDK\jdk-11.0.11.9-hotspot\bin\server\jvm.dll
0x00007ffea1060000 - 0x00007ffea110c000 	C:\Windows\System32\ADVAPI32.dll
0x00007ffe9f6e0000 - 0x00007ffe9f77b000 	C:\Windows\System32\sechost.dll
0x00007ffea11d0000 - 0x00007ffea12fb000 	C:\Windows\System32\RPCRT4.dll
0x00007ffea0940000 - 0x00007ffea0948000 	C:\Windows\System32\PSAPI.DLL
0x00007ffe87dc0000 - 0x00007ffe87dc9000 	C:\Windows\SYSTEM32\WSOCK32.dll
0x00007ffea0db0000 - 0x00007ffea0e1b000 	C:\Windows\System32\WS2_32.dll
0x00007ffe907e0000 - 0x00007ffe90807000 	C:\Windows\SYSTEM32\WINMM.dll
0x00007ffe97fc0000 - 0x00007ffe97fca000 	C:\Windows\SYSTEM32\VERSION.dll
0x00007ffe9d490000 - 0x00007ffe9d4a2000 	C:\Windows\SYSTEM32\kernel.appcore.dll
0x00007ffe68f50000 - 0x00007ffe68f60000 	C:\Program Files\AdoptOpenJDK\jdk-11.0.11.9-hotspot\bin\verify.dll
0x00007ffe9d140000 - 0x00007ffe9d324000 	C:\Windows\SYSTEM32\DBGHELP.DLL
0x00007ffe840a0000 - 0x00007ffe840cc000 	C:\Windows\SYSTEM32\dbgcore.DLL
0x00007ffe9f1c0000 - 0x00007ffe9f243000 	C:\Windows\System32\bcryptPrimitives.dll
0x00007ffe3f700000 - 0x00007ffe3f728000 	C:\Program Files\AdoptOpenJDK\jdk-11.0.11.9-hotspot\bin\java.dll
0x00007ffe687e0000 - 0x00007ffe687ea000 	C:\Program Files\AdoptOpenJDK\jdk-11.0.11.9-hotspot\bin\jimage.dll
0x00007ffe3fac0000 - 0x00007ffe3fad7000 	C:\Program Files\AdoptOpenJDK\jdk-11.0.11.9-hotspot\bin\zip.dll
0x00007ffe9fbf0000 - 0x00007ffea032f000 	C:\Windows\System32\SHELL32.dll
0x00007ffe9c8f0000 - 0x00007ffe9d080000 	C:\Windows\SYSTEM32\windows.storage.dll
0x00007ffea0390000 - 0x00007ffea06e5000 	C:\Windows\System32\combase.dll
0x00007ffe9e550000 - 0x00007ffe9e57c000 	C:\Windows\SYSTEM32\Wldp.dll
0x00007ffea0770000 - 0x00007ffea081e000 	C:\Windows\System32\SHCORE.dll
0x00007ffea1000000 - 0x00007ffea1055000 	C:\Windows\System32\shlwapi.dll
0x00007ffe9eaf0000 - 0x00007ffe9eb0f000 	C:\Windows\SYSTEM32\profapi.dll
0x00007ffe3f010000 - 0x00007ffe3f029000 	C:\Program Files\AdoptOpenJDK\jdk-11.0.11.9-hotspot\bin\net.dll
0x00007ffe98300000 - 0x00007ffe9840b000 	C:\Windows\SYSTEM32\WINHTTP.dll
0x00007ffe9e330000 - 0x00007ffe9e39a000 	C:\Windows\system32\mswsock.dll
0x00007ffe3eee0000 - 0x00007ffe3eef2000 	C:\Program Files\AdoptOpenJDK\jdk-11.0.11.9-hotspot\bin\nio.dll
0x00007ffe684e0000 - 0x00007ffe68507000 	C:\Users\admin\.gradle\native\8bec1ad78214c89d9ad589b4d07fe93259594b29d510b10fafb7a158f7737e5d\windows-amd64\native-platform.dll
0x00007ffe3aca0000 - 0x00007ffe3addd000 	C:\Users\admin\.gradle\native\53dbd7edfb1c66fb8903c78663c9afc45aea4f116125fa6feffd364cf09443e8\windows-amd64\native-platform-file-events.dll
0x00007ffe76fd0000 - 0x00007ffe76fd9000 	C:\Program Files\AdoptOpenJDK\jdk-11.0.11.9-hotspot\bin\management.dll
0x00007ffe76fc0000 - 0x00007ffe76fcb000 	C:\Program Files\AdoptOpenJDK\jdk-11.0.11.9-hotspot\bin\management_ext.dll
0x00007ffe9e590000 - 0x00007ffe9e5a8000 	C:\Windows\SYSTEM32\CRYPTSP.dll
0x00007ffe9dc80000 - 0x00007ffe9dcb4000 	C:\Windows\system32\rsaenh.dll
0x00007ffe9ec50000 - 0x00007ffe9ec77000 	C:\Windows\System32\bcrypt.dll
0x00007ffe9ea70000 - 0x00007ffe9ea9e000 	C:\Windows\SYSTEM32\USERENV.dll
0x00007ffe9e4b0000 - 0x00007ffe9e4bc000 	C:\Windows\SYSTEM32\CRYPTBASE.dll
0x00007ffe9dff0000 - 0x00007ffe9e02b000 	C:\Windows\SYSTEM32\IPHLPAPI.DLL
0x00007ffea0be0000 - 0x00007ffea0be8000 	C:\Windows\System32\NSI.dll
0x00007ffe97460000 - 0x00007ffe97477000 	C:\Windows\SYSTEM32\dhcpcsvc6.DLL
0x00007ffe97440000 - 0x00007ffe9745d000 	C:\Windows\SYSTEM32\dhcpcsvc.DLL
0x00007ffe9e040000 - 0x00007ffe9e10c000 	C:\Windows\SYSTEM32\DNSAPI.dll
0x00007ffe92610000 - 0x00007ffe9261e000 	C:\Program Files\AdoptOpenJDK\jdk-11.0.11.9-hotspot\bin\sunmscapi.dll
0x00007ffe9f2d0000 - 0x00007ffe9f42f000 	C:\Windows\System32\CRYPT32.dll
0x00007ffe9e690000 - 0x00007ffe9e6b7000 	C:\Windows\SYSTEM32\ncrypt.dll
0x00007ffe9e650000 - 0x00007ffe9e68b000 	C:\Windows\SYSTEM32\NTASN1.dll
0x00007ffe847d0000 - 0x00007ffe847f5000 	C:\Program Files\AdoptOpenJDK\jdk-11.0.11.9-hotspot\bin\sunec.dll
0x00007ffe94e10000 - 0x00007ffe94e1a000 	C:\Windows\System32\rasadhlp.dll
0x00007ffe96660000 - 0x00007ffe966df000 	C:\Windows\System32\fwpuclnt.dll

dbghelp: loaded successfully - version: 4.0.5 - missing functions: none
symbol engine: initialized successfully - sym options: 0x614 - pdb path: .;C:\Program Files\AdoptOpenJDK\jdk-11.0.11.9-hotspot\bin;C:\Windows\SYSTEM32;C:\Windows\WinSxS\amd64_microsoft.windows.common-controls_6595b64144ccf1df_6.0.19041.1052_none_60b8f8fd71f5e8cb;C:\Program Files\AdoptOpenJDK\jdk-11.0.11.9-hotspot\bin\server;C:\Users\admin\.gradle\native\8bec1ad78214c89d9ad589b4d07fe93259594b29d510b10fafb7a158f7737e5d\windows-amd64;C:\Users\admin\.gradle\native\53dbd7edfb1c66fb8903c78663c9afc45aea4f116125fa6feffd364cf09443e8\windows-amd64

VM Arguments:
jvm_args: -XX:MaxMetaspaceSize=256m -XX:+HeapDumpOnOutOfMemoryError --add-opens=java.base/java.util=ALL-UNNAMED --add-opens=java.base/java.lang=ALL-UNNAMED --add-opens=java.base/java.lang.invoke=ALL-UNNAMED --add-opens=java.base/java.util=ALL-UNNAMED --add-opens=java.prefs/java.util.prefs=ALL-UNNAMED --add-opens=java.prefs/java.util.prefs=ALL-UNNAMED --add-opens=java.base/java.nio.charset=ALL-UNNAMED --add-opens=java.base/java.net=ALL-UNNAMED --add-opens=java.base/java.util.concurrent.atomic=ALL-UNNAMED -Xms256m -Xmx512m -Dfile.encoding=windows-1252 -Duser.country=CO -Duser.language=es -Duser.variant 
java_command: org.gradle.launcher.daemon.bootstrap.GradleDaemon 7.0.2
java_class_path (initial): C:\Users\admin\.gradle\wrapper\dists\gradle-7.0.2-bin\857tjihv64xamwrf0h14cai3r\gradle-7.0.2\lib\gradle-launcher-7.0.2.jar
Launcher Type: SUN_STANDARD

[Global flags]
     intx CICompilerCount                          = 3                                         {product} {ergonomic}
   size_t CompressedClassSpaceSize                 = 260046848                                 {product} {ergonomic}
     uint ConcGCThreads                            = 1                                         {product} {ergonomic}
     uint G1ConcRefinementThreads                  = 4                                         {product} {ergonomic}
   size_t G1HeapRegionSize                         = 1048576                                   {product} {ergonomic}
    uintx GCDrainStackTargetSize                   = 64                                        {product} {ergonomic}
     bool HeapDumpOnOutOfMemoryError               = true                                   {manageable} {command line}
   size_t InitialHeapSize                          = 268435456                                 {product} {command line}
   size_t MarkStackSize                            = 4194304                                   {product} {ergonomic}
   size_t MaxHeapSize                              = 536870912                                 {product} {command line}
   size_t MaxMetaspaceSize                         = 268435456                                 {product} {command line}
   size_t MaxNewSize                               = 321912832                                 {product} {ergonomic}
   size_t MinHeapDeltaBytes                        = 1048576                                   {product} {ergonomic}
    uintx NonNMethodCodeHeapSize                   = 5830732                                {pd product} {ergonomic}
    uintx NonProfiledCodeHeapSize                  = 122913754                              {pd product} {ergonomic}
    uintx ProfiledCodeHeapSize                     = 122913754                              {pd product} {ergonomic}
    uintx ReservedCodeCacheSize                    = 251658240                              {pd product} {ergonomic}
     bool SegmentedCodeCache                       = true                                      {product} {ergonomic}
     bool UseCompressedClassPointers               = true                                 {lp64_product} {ergonomic}
     bool UseCompressedOops                        = true                                 {lp64_product} {ergonomic}
     bool UseG1GC                                  = true                                      {product} {ergonomic}
     bool UseLargePagesIndividualAllocation        = false                                  {pd product} {ergonomic}

Logging:
Log output configuration:
 #0: stdout all=warning uptime,level,tags
 #1: stderr all=off uptime,level,tags

Environment Variables:
JAVA_HOME=C:\Program Files\AdoptOpenJDK\jdk-11.0.11.9-hotspot\
PATH=C:\Program Files\AdoptOpenJDK\jdk-11.0.11.9-hotspot\bin;C:\Program Files (x86)\Common Files\Oracle\Java\javapath;C:\Windows\system32;C:\Windows;C:\Windows\System32\Wbem;C:\Windows\System32\WindowsPowerShell\v1.0\;C:\Windows\System32\OpenSSH\;C:\Program Files\nodejs\;C:\Program Files\Git\cmd;C:\Program Files\Docker\Docker\resources\bin;C:\ProgramData\DockerDesktop\version-bin;C:\Program Files\Go\bin;C:\Users\admin\AppData\Local\Programs\Python\Python39\Scripts\;C:\Users\admin\AppData\Local\Programs\Python\Python39\;C:\Users\admin\AppData\Local\Microsoft\WindowsApps;;C:\Users\admin\AppData\Local\Programs\Microsoft VS Code\bin;C:\Users\admin\AppData\Roaming\npm;C:\Users\admin\go\bin;C:\Program Files\JetBrains\IntelliJ IDEA 2021.1.2\bin;
USERNAME=admin
OS=Windows_NT
PROCESSOR_IDENTIFIER=Intel64 Family 6 Model 142 Stepping 9, GenuineIntel



---------------  S Y S T E M  ---------------

OS: Windows 10 , 64 bit Build 19041 (10.0.19041.1023)
OS uptime: 0 days 8:15 hours
Hyper-V role detected

CPU:total 4 (initial active 4) (2 cores per cpu, 2 threads per core) family 6 model 142 stepping 9 microcode 0xb4, cmov, cx8, fxsr, mmx, sse, sse2, sse3, ssse3, sse4.1, sse4.2, popcnt, avx, avx2, aes, clmul, erms, 3dnowpref, lzcnt, ht, tsc, tscinvbit, bmi1, bmi2, adx, fma

Memory: 4k page, system-wide physical 24474M (12716M free)
TotalPageFile size 28058M (AvailPageFile size 13774M)
current process WorkingSet (physical memory assigned to process): 521M, peak: 553M
current process commit charge ("private bytes"): 618M, peak: 626M

vm_info: OpenJDK 64-Bit Server VM (11.0.11+9) for windows-amd64 JRE (11.0.11+9), built on Apr 20 2021 21:22:09 by "" with MS VC++ 15.9 (VS2017)

END.
